#
# A fatal error has been detected by the Java Runtime Environment:
#
#  SIGBUS (0xa) at pc=0x0000000108efbe92, pid=755, tid=0x0000000000001c03
#
# JRE version: Java(TM) SE Runtime Environment (8.0_102-b14) (build 1.8.0_102-b14)
# Java VM: Java HotSpot(TM) 64-Bit Server VM (25.102-b14 mixed mode bsd-amd64 compressed oops)
# Problematic frame:
# C  [libzip.dylib+0x2e92]  newEntry+0x154
#
# Failed to write core dump. Core dumps have been disabled. To enable core dumping, try "ulimit -c unlimited" before starting Java again
#
# If you would like to submit a bug report, please visit:
#   http://bugreport.java.com/bugreport/crash.jsp
# The crash happened outside the Java Virtual Machine in native code.
# See problematic frame for where to report the bug.
#

---------------  T H R E A D  ---------------

Current thread (0x00007fdb53005000):  JavaThread "main" [_thread_in_native, id=7171, stack(0x000070000ecad000,0x000070000edad000)]

siginfo: si_signo: 10 (SIGBUS), si_code: 2 (BUS_ADRERR), si_addr: 0x00000001177ea640

Registers:
RAX=0x00007fdb525d0a20, RBX=0x00000001177ea634, RCX=0x0000000000000001, RDX=0x0000000000000300
RSP=0x000070000edabe00, RBP=0x000070000edabe60, RSI=0x0000000000000800, RDI=0x00000000000003f9
R8 =0x0000000000000048, R9 =0x00007fdb54c3f860, R10=0x00000000fffff800, R11=0x0000000000000001
R12=0x00007fdb525d0bb0, R13=0x0000000000000090, R14=0x000000004eecb6d3, R15=0x00007fdb52761990
RIP=0x0000000108efbe92, EFLAGS=0x0000000000010202, ERR=0x0000000000000004
  TRAPNO=0x000000000000000e

Top of Stack: (sp=0x000070000edabe00)
0x000070000edabe00:   00000007c01899b8 00000000526456b0
0x000070000edabe10:   00000007c01899b8 0000000108fa34f0
0x000070000edabe20:   000070000edabe40 00007fdb525d0a20
0x000070000edabe30:   00007fdb54c3f860 00007fdb525d0a20
0x000070000edabe40:   00007fdb525d0bb0 0000000000000090
0x000070000edabe50:   000000004eecb6d3 00007fdb52761990
0x000070000edabe60:   000070000edabec0 0000000108efc52d
0x000070000edabe70:   000070000edabeef 000070000edabeee
0x000070000edabe80:   0000000f00000000 0000001000005000
0x000070000edabe90:   000070000edabede 000070000edac328
0x000070000edabea0:   0000000000000010 000070000edabede
0x000070000edabeb0:   00007fdb525d0a20 00007fdb530051f8
0x000070000edabec0:   000070000edac310 0000000108efb238
0x000070000edabed0:   00000000ffffffff 6f64000000000000
0x000070000edabee0:   612f73706f725063 00006c6d782e7070
0x000070000edabef0:   00000001146f42f8 00007fdb53005000
0x000070000edabf00:   00000001146f42f8 00000000ffffffff
0x000070000edabf10:   000070000edabf50 00000001099ab643
0x000070000edabf20:   00000001146f42f8 00007fdb53005000
0x000070000edabf30:   00000001146f42f8 00000000ffffffff
0x000070000edabf40:   00000001146f42f8 00000001146f42f8
0x000070000edabf50:   000070000edabf90 00000001099abc96
0x000070000edabf60:   00000001146f42f8 00007fdb53005000
0x000070000edabf70:   0000000000000000 00000001146f42f8
0x000070000edabf80:   0000000000000001 000070000edac058
0x000070000edabf90:   000070000edac020 0000000109bcb930
0x000070000edabfa0:   00000007c00c5028 00000001146f42f8
0x000070000edabfb0:   00007fdb53005000 0000000109bca57d
0x000070000edabfc0:   0000000000000001 00007fdb53005000
0x000070000edabfd0:   000070000edac030 00000001146f42f8
0x000070000edabfe0:   000070000edac000 00000001146f42f8
0x000070000edabff0:   00000001146f42f8 00000001146f42f8 

Instructions: (pc=0x0000000108efbe92)
0x0000000108efbe72:   49 8b 7f 38 e8 5b 1b 00 00 4d 89 77 38 49 89 5f
0x0000000108efbe82:   40 4c 89 f0 48 85 c0 0f 84 11 05 00 00 48 89 c3
0x0000000108efbe92:   0f b6 43 0c 0f b6 4b 0d 48 c1 e1 08 48 01 c1 0f
0x0000000108efbea2:   b6 43 0e 0f b6 53 0f 48 c1 e2 08 48 01 c2 48 c1 

Register to memory mapping:

RAX=0x00007fdb525d0a20 is an unknown value
RBX=0x00000001177ea634 is an unknown value
RCX=0x0000000000000001 is an unknown value
RDX=0x0000000000000300 is an unknown value
RSP=0x000070000edabe00 is pointing into the stack for thread: 0x00007fdb53005000
RBP=0x000070000edabe60 is pointing into the stack for thread: 0x00007fdb53005000
RSI=0x0000000000000800 is an unknown value
RDI=0x00000000000003f9 is an unknown value
R8 =0x0000000000000048 is an unknown value
R9 =0x00007fdb54c3f860 is an unknown value
R10=0x00000000fffff800 is an unknown value
R11=0x0000000000000001 is an unknown value
R12=0x00007fdb525d0bb0 is an unknown value
R13=0x0000000000000090 is an unknown value
R14=0x000000004eecb6d3 is an unknown value
R15=0x00007fdb52761990 is an unknown value


Stack: [0x000070000ecad000,0x000070000edad000],  sp=0x000070000edabe00,  free space=1019k
Native frames: (J=compiled Java code, j=interpreted, Vv=VM code, C=native code)
C  [libzip.dylib+0x2e92]  newEntry+0x154
C  [libzip.dylib+0x352d]  ZIP_GetEntry2+0xd4
C  [libzip.dylib+0x2238]  Java_java_util_zip_ZipFile_getEntry+0xcf
J 87  java.util.zip.ZipFile.getEntry(J[BZ)J (0 bytes) @ 0x0000000118702a8e [0x00000001187029c0+0xce]
J 1014 C1 java.util.zip.ZipFile.getInputStream(Ljava/util/zip/ZipEntry;)Ljava/io/InputStream; (304 bytes) @ 0x00000001189a7d8c [0x00000001189a7a00+0x38c]
j  org.apache.poi.openxml4j.util.ZipSecureFile.getInputStream(Ljava/util/zip/ZipEntry;)Ljava/io/InputStream;+2
j  org.apache.poi.openxml4j.util.ZipFileZipEntrySource.getInputStream(Ljava/util/zip/ZipEntry;)Ljava/io/InputStream;+22
j  org.apache.poi.openxml4j.opc.ZipPackagePart.getInputStreamImpl()Ljava/io/InputStream;+14
j  org.apache.poi.openxml4j.opc.PackagePart.getInputStream()Ljava/io/InputStream;+1
j  org.apache.poi.POIXMLProperties.<init>(Lorg/apache/poi/openxml4j/opc/OPCPackage;)V+69
j  org.apache.poi.POIXMLDocument.getProperties()Lorg/apache/poi/POIXMLProperties;+16
j  org.apache.poi.POIXMLDocument.write(Ljava/io/OutputStream;)V+39
j  EFBB.lerExcel(Ljava/lang/String;)Ljava/lang/String;+593
j  EFBB.visualizarArquivos()V+103
j  EFBB.main([Ljava/lang/String;)V+0
v  ~StubRoutines::call_stub
V  [libjvm.dylib+0x2ed5e2]  JavaCalls::call_helper(JavaValue*, methodHandle*, JavaCallArguments*, Thread*)+0x6ae
V  [libjvm.dylib+0x3243da]  jni_invoke_static(JNIEnv_*, JavaValue*, _jobject*, JNICallType, _jmethodID*, JNI_ArgumentPusher*, Thread*)+0x1bf
V  [libjvm.dylib+0x31d151]  jni_CallStaticVoidMethod+0x15d
C  [java+0x3931]  JavaMain+0x9c4
C  [libsystem_pthread.dylib+0x393b]  _pthread_body+0xb4
C  [libsystem_pthread.dylib+0x3887]  _pthread_body+0x0
C  [libsystem_pthread.dylib+0x308d]  thread_start+0xd
C  0x0000000000000000

Java frames: (J=compiled Java code, j=interpreted, Vv=VM code)
J 87  java.util.zip.ZipFile.getEntry(J[BZ)J (0 bytes) @ 0x0000000118702a18 [0x00000001187029c0+0x58]
J 1014 C1 java.util.zip.ZipFile.getInputStream(Ljava/util/zip/ZipEntry;)Ljava/io/InputStream; (304 bytes) @ 0x00000001189a7d8c [0x00000001189a7a00+0x38c]
j  org.apache.poi.openxml4j.util.ZipSecureFile.getInputStream(Ljava/util/zip/ZipEntry;)Ljava/io/InputStream;+2
j  org.apache.poi.openxml4j.util.ZipFileZipEntrySource.getInputStream(Ljava/util/zip/ZipEntry;)Ljava/io/InputStream;+22
j  org.apache.poi.openxml4j.opc.ZipPackagePart.getInputStreamImpl()Ljava/io/InputStream;+14
j  org.apache.poi.openxml4j.opc.PackagePart.getInputStream()Ljava/io/InputStream;+1
j  org.apache.poi.POIXMLProperties.<init>(Lorg/apache/poi/openxml4j/opc/OPCPackage;)V+69
j  org.apache.poi.POIXMLDocument.getProperties()Lorg/apache/poi/POIXMLProperties;+16
j  org.apache.poi.POIXMLDocument.write(Ljava/io/OutputStream;)V+39
j  EFBB.lerExcel(Ljava/lang/String;)Ljava/lang/String;+593
j  EFBB.visualizarArquivos()V+103
j  EFBB.main([Ljava/lang/String;)V+0
v  ~StubRoutines::call_stub

---------------  P R O C E S S  ---------------

Java Threads: ( => current thread )
  0x00007fdb5323a000 JavaThread "AWT-AppKit" daemon [_thread_in_native, id=775, stack(0x00007fff565d1000,0x00007fff56dd1000)]
  0x00007fdb54006000 JavaThread "Service Thread" daemon [_thread_blocked, id=18691, stack(0x000070000f8d1000,0x000070000f9d1000)]
  0x00007fdb5284e000 JavaThread "C1 CompilerThread2" daemon [_thread_blocked, id=18179, stack(0x000070000f7ce000,0x000070000f8ce000)]
  0x00007fdb5301c000 JavaThread "C2 CompilerThread1" daemon [_thread_blocked, id=17667, stack(0x000070000f6cb000,0x000070000f7cb000)]
  0x00007fdb54007000 JavaThread "C2 CompilerThread0" daemon [_thread_blocked, id=17155, stack(0x000070000f5c8000,0x000070000f6c8000)]
  0x00007fdb5383d000 JavaThread "Signal Dispatcher" daemon [_thread_blocked, id=16643, stack(0x000070000f4c5000,0x000070000f5c5000)]
  0x00007fdb53838000 JavaThread "Finalizer" daemon [_thread_blocked, id=12547, stack(0x000070000f3c2000,0x000070000f4c2000)]
  0x00007fdb53835000 JavaThread "Reference Handler" daemon [_thread_blocked, id=12035, stack(0x000070000f2bf000,0x000070000f3bf000)]
=>0x00007fdb53005000 JavaThread "main" [_thread_in_native, id=7171, stack(0x000070000ecad000,0x000070000edad000)]

Other Threads:
  0x00007fdb53830800 VMThread [stack: 0x000070000f1bc000,0x000070000f2bc000] [id=11523]
  0x00007fdb53840800 WatcherThread [stack: 0x000070000f9d4000,0x000070000fad4000] [id=19203]

VM state:not at safepoint (normal execution)

VM Mutex/Monitor currently owned by a thread: None

Heap:
 PSYoungGen      total 76288K, used 40655K [0x000000076ab00000, 0x0000000774000000, 0x00000007c0000000)
  eden space 65536K, 45% used [0x000000076ab00000,0x000000076c83a678,0x000000076eb00000)
  from space 10752K, 99% used [0x000000076eb00000,0x000000076f579718,0x000000076f580000)
  to   space 10752K, 0% used [0x0000000773580000,0x0000000773580000,0x0000000774000000)
 ParOldGen       total 175104K, used 3563K [0x00000006c0000000, 0x00000006cab00000, 0x000000076ab00000)
  object space 175104K, 2% used [0x00000006c0000000,0x00000006c037ac78,0x00000006cab00000)
 Metaspace       used 13763K, capacity 13912K, committed 14208K, reserved 1062912K
  class space    used 1560K, capacity 1626K, committed 1664K, reserved 1048576K

Card table byte_map: [0x000000010ab61000,0x000000010b362000] byte_map_base: 0x0000000107561000

Marking Bits: (ParMarkBitMap*) 0x000000010a0efd20
 Begin Bits: [0x000000010b8b8000, 0x000000010f8b8000)
 End Bits:   [0x000000010f8b8000, 0x00000001138b8000)

Polling page: 0x0000000108eef000

CodeCache: size=245760Kb used=5383Kb max_used=5383Kb free=240376Kb
 bounds [0x00000001185d0000, 0x0000000118b20000, 0x00000001275d0000]
 total_blobs=1870 nmethods=1502 adapters=281
 compilation: enabled

Compilation events (10 events):
Event: 2.704 Thread 0x00007fdb5284e000 1499       3       org.apache.xmlbeans.impl.schema.SchemaTypeSystemImpl$XsbReader::readXmlValueObject (350 bytes)
Event: 2.709 Thread 0x00007fdb5284e000 nmethod 1499 0x0000000118b0eed0 code [0x0000000118b0f400, 0x0000000118b12508]
Event: 2.709 Thread 0x00007fdb5284e000 1500       3       org.apache.xmlbeans.impl.schema.BuiltinSchemaTypeSystem::resolveHandle (14 bytes)
Event: 2.709 Thread 0x00007fdb5284e000 nmethod 1500 0x0000000118b0b650 code [0x0000000118b0b7c0, 0x0000000118b0bae8]
Event: 2.709 Thread 0x00007fdb5284e000 1501       3       java.util.HashMap::<init> (98 bytes)
Event: 2.711 Thread 0x00007fdb5284e000 nmethod 1501 0x0000000118b14490 code [0x0000000118b14740, 0x0000000118b15a58]
Event: 2.715 Thread 0x00007fdb5284e000 1502       3       java.math.BigInteger::compareTo (71 bytes)
Event: 2.715 Thread 0x00007fdb5284e000 nmethod 1502 0x0000000118b0b050 code [0x0000000118b0b1e0, 0x0000000118b0b578]
Event: 2.715 Thread 0x00007fdb5284e000 1503       3       java.util.jar.Attributes$Name::equals (39 bytes)
Event: 2.715 Thread 0x00007fdb5284e000 nmethod 1503 0x0000000118b0a8d0 code [0x0000000118b0aa60, 0x0000000118b0af08]

GC Heap History (2 events):
Event: 1.653 GC heap before
{Heap before GC invocations=1 (full 0):
 PSYoungGen      total 76288K, used 65536K [0x000000076ab00000, 0x0000000770000000, 0x00000007c0000000)
  eden space 65536K, 100% used [0x000000076ab00000,0x000000076eb00000,0x000000076eb00000)
  from space 10752K, 0% used [0x000000076f580000,0x000000076f580000,0x0000000770000000)
  to   space 10752K, 0% used [0x000000076eb00000,0x000000076eb00000,0x000000076f580000)
 ParOldGen       total 175104K, used 0K [0x00000006c0000000, 0x00000006cab00000, 0x000000076ab00000)
  object space 175104K, 0% used [0x00000006c0000000,0x00000006c0000000,0x00000006cab00000)
 Metaspace       used 9587K, capacity 9748K, committed 9856K, reserved 1058816K
  class space    used 1009K, capacity 1076K, committed 1152K, reserved 1048576K
Event: 1.672 GC heap after
Heap after GC invocations=1 (full 0):
 PSYoungGen      total 76288K, used 10725K [0x000000076ab00000, 0x0000000774000000, 0x00000007c0000000)
  eden space 65536K, 0% used [0x000000076ab00000,0x000000076ab00000,0x000000076eb00000)
  from space 10752K, 99% used [0x000000076eb00000,0x000000076f579718,0x000000076f580000)
  to   space 10752K, 0% used [0x0000000773580000,0x0000000773580000,0x0000000774000000)
 ParOldGen       total 175104K, used 3563K [0x00000006c0000000, 0x00000006cab00000, 0x000000076ab00000)
  object space 175104K, 2% used [0x00000006c0000000,0x00000006c037ac78,0x00000006cab00000)
 Metaspace       used 9587K, capacity 9748K, committed 9856K, reserved 1058816K
  class space    used 1009K, capacity 1076K, committed 1152K, reserved 1048576K
}

Deoptimization events (10 events):
Event: 1.410 Thread 0x00007fdb53005000 Uncommon trap: reason=class_check action=maybe_recompile pc=0x0000000118819604 method=java.nio.charset.CharsetDecoder.reset()Ljava/nio/charset/CharsetDecoder; @ 1
Event: 1.486 Thread 0x00007fdb53005000 Uncommon trap: reason=class_check action=maybe_recompile pc=0x00000001188d4118 method=java.lang.StringCoding$StringDecoder.decode([BII)[C @ 40
Event: 1.486 Thread 0x00007fdb53005000 Uncommon trap: reason=class_check action=maybe_recompile pc=0x00000001188d4118 method=java.lang.StringCoding$StringDecoder.decode([BII)[C @ 40
Event: 1.486 Thread 0x00007fdb53005000 Uncommon trap: reason=class_check action=maybe_recompile pc=0x00000001188d4118 method=java.lang.StringCoding$StringDecoder.decode([BII)[C @ 40
Event: 1.486 Thread 0x00007fdb53005000 Uncommon trap: reason=class_check action=maybe_recompile pc=0x00000001188d4118 method=java.lang.StringCoding$StringDecoder.decode([BII)[C @ 40
Event: 1.486 Thread 0x00007fdb53005000 Uncommon trap: reason=class_check action=maybe_recompile pc=0x00000001188f7784 method=java.lang.StringCoding$StringDecoder.decode([BII)[C @ 40
Event: 1.624 Thread 0x00007fdb53005000 Uncommon trap: reason=unstable_if action=reinterpret pc=0x00000001188cc078 method=java.lang.CharacterDataLatin1.digit(II)I @ 60
Event: 1.691 Thread 0x00007fdb53005000 Uncommon trap: reason=unstable_if action=reinterpret pc=0x0000000118936324 method=java.lang.ref.SoftReference.get()Ljava/lang/Object; @ 17
Event: 1.744 Thread 0x00007fdb53005000 Uncommon trap: reason=unstable_if action=reinterpret pc=0x00000001189433b0 method=java.util.HashMap.hash(Ljava/lang/Object;)I @ 1
Event: 1.796 Thread 0x00007fdb53005000 Uncommon trap: reason=unstable_if action=reinterpret pc=0x000000011876bd0c method=java.lang.String.indexOf([CII[CIII)I @ 3

Internal exceptions (10 events):
Event: 1.779 Thread 0x00007fdb53005000 Exception <a 'java/security/PrivilegedActionException'> (0x000000076b31b568) thrown at [/Users/java_re/workspace/8-2-build-macosx-x86_64/jdk8u102/7268/hotspot/src/share/vm/prims/jvm.cpp, line 1386]
Event: 1.779 Thread 0x00007fdb53005000 Exception <a 'java/security/PrivilegedActionException'> (0x000000076b31b960) thrown at [/Users/java_re/workspace/8-2-build-macosx-x86_64/jdk8u102/7268/hotspot/src/share/vm/prims/jvm.cpp, line 1386]
Event: 1.781 Thread 0x00007fdb53005000 Exception <a 'java/security/PrivilegedActionException'> (0x000000076b3322f0) thrown at [/Users/java_re/workspace/8-2-build-macosx-x86_64/jdk8u102/7268/hotspot/src/share/vm/prims/jvm.cpp, line 1386]
Event: 1.781 Thread 0x00007fdb53005000 Exception <a 'java/security/PrivilegedActionException'> (0x000000076b3326e8) thrown at [/Users/java_re/workspace/8-2-build-macosx-x86_64/jdk8u102/7268/hotspot/src/share/vm/prims/jvm.cpp, line 1386]
Event: 1.781 Thread 0x00007fdb53005000 Exception <a 'java/security/PrivilegedActionException'> (0x000000076b33a738) thrown at [/Users/java_re/workspace/8-2-build-macosx-x86_64/jdk8u102/7268/hotspot/src/share/vm/prims/jvm.cpp, line 1386]
Event: 1.781 Thread 0x00007fdb53005000 Exception <a 'java/security/PrivilegedActionException'> (0x000000076b33ab30) thrown at [/Users/java_re/workspace/8-2-build-macosx-x86_64/jdk8u102/7268/hotspot/src/share/vm/prims/jvm.cpp, line 1386]
Event: 1.781 Thread 0x00007fdb53005000 Exception <a 'java/security/PrivilegedActionException'> (0x000000076b342cc0) thrown at [/Users/java_re/workspace/8-2-build-macosx-x86_64/jdk8u102/7268/hotspot/src/share/vm/prims/jvm.cpp, line 1386]
Event: 1.781 Thread 0x00007fdb53005000 Exception <a 'java/security/PrivilegedActionException'> (0x000000076b3430b8) thrown at [/Users/java_re/workspace/8-2-build-macosx-x86_64/jdk8u102/7268/hotspot/src/share/vm/prims/jvm.cpp, line 1386]
Event: 1.781 Thread 0x00007fdb53005000 Exception <a 'java/security/PrivilegedActionException'> (0x000000076b34b4f8) thrown at [/Users/java_re/workspace/8-2-build-macosx-x86_64/jdk8u102/7268/hotspot/src/share/vm/prims/jvm.cpp, line 1386]
Event: 1.782 Thread 0x00007fdb53005000 Exception <a 'java/security/PrivilegedActionException'> (0x000000076b34b8f0) thrown at [/Users/java_re/workspace/8-2-build-macosx-x86_64/jdk8u102/7268/hotspot/src/share/vm/prims/jvm.cpp, line 1386]

Events (10 events):
Event: 2.714 loading class org/openxmlformats/schemas/officeDocument/x2006/customProperties/PropertiesDocument
Event: 2.714 loading class org/openxmlformats/schemas/officeDocument/x2006/customProperties/PropertiesDocument done
Event: 2.715 loading class org/openxmlformats/schemas/officeDocument/x2006/customProperties/impl/PropertiesDocumentImpl
Event: 2.715 loading class org/openxmlformats/schemas/officeDocument/x2006/customProperties/impl/PropertiesDocumentImpl done
Event: 2.717 loading class org/openxmlformats/schemas/officeDocument/x2006/customProperties/impl/CTPropertiesImpl
Event: 2.717 loading class org/openxmlformats/schemas/officeDocument/x2006/customProperties/impl/CTPropertiesImpl done
Event: 2.717 loading class org/openxmlformats/schemas/officeDocument/x2006/customProperties/CTProperties
Event: 2.717 loading class org/openxmlformats/schemas/officeDocument/x2006/customProperties/CTProperties done
Event: 2.718 loading class org/apache/poi/POIXMLProperties$CoreProperties
Event: 2.718 loading class org/apache/poi/POIXMLProperties$CoreProperties done


Dynamic libraries:
0x0000000059190000 	/System/Library/Frameworks/Cocoa.framework/Versions/A/Cocoa
0x0000000059190000 	/System/Library/Frameworks/Security.framework/Versions/A/Security
0x0000000059190000 	/System/Library/Frameworks/ApplicationServices.framework/Versions/A/ApplicationServices
0x0000000059190000 	/usr/lib/libz.1.dylib
0x0000000059190000 	/usr/lib/libSystem.B.dylib
0x0000000059190000 	/usr/lib/libobjc.A.dylib
0x0000000059190000 	/System/Library/Frameworks/CoreFoundation.framework/Versions/A/CoreFoundation
0x0000000059190000 	/System/Library/Frameworks/Foundation.framework/Versions/C/Foundation
0x0000000059190000 	/System/Library/Frameworks/AppKit.framework/Versions/C/AppKit
0x0000000059190000 	/System/Library/Frameworks/CoreData.framework/Versions/A/CoreData
0x0000000059190000 	/System/Library/PrivateFrameworks/RemoteViewServices.framework/Versions/A/RemoteViewServices
0x0000000059190000 	/System/Library/PrivateFrameworks/UIFoundation.framework/Versions/A/UIFoundation
0x0000000059190000 	/System/Library/PrivateFrameworks/DFRFoundation.framework/Versions/A/DFRFoundation
0x0000000059190000 	/usr/lib/libenergytrace.dylib
0x0000000059190000 	/System/Library/PrivateFrameworks/SkyLight.framework/Versions/A/SkyLight
0x0000000059190000 	/System/Library/Frameworks/CoreGraphics.framework/Versions/A/CoreGraphics
0x0000000059190000 	/usr/lib/libScreenReader.dylib
0x0000000059190000 	/System/Library/Frameworks/Accelerate.framework/Versions/A/Accelerate
0x0000000059190000 	/System/Library/Frameworks/IOSurface.framework/Versions/A/IOSurface
0x0000000059190000 	/System/Library/Frameworks/AudioToolbox.framework/Versions/A/AudioToolbox
0x0000000059190000 	/System/Library/Frameworks/AudioUnit.framework/Versions/A/AudioUnit
0x0000000059190000 	/System/Library/PrivateFrameworks/DataDetectorsCore.framework/Versions/A/DataDetectorsCore
0x0000000059190000 	/System/Library/PrivateFrameworks/DesktopServicesPriv.framework/Versions/A/DesktopServicesPriv
0x0000000059190000 	/System/Library/Frameworks/Carbon.framework/Versions/A/Frameworks/HIToolbox.framework/Versions/A/HIToolbox
0x0000000059190000 	/usr/lib/libicucore.A.dylib
0x0000000059190000 	/System/Library/Frameworks/QuartzCore.framework/Versions/A/QuartzCore
0x0000000059190000 	/System/Library/Frameworks/Carbon.framework/Versions/A/Frameworks/SpeechRecognition.framework/Versions/A/SpeechRecognition
0x0000000059190000 	/usr/lib/libauto.dylib
0x0000000059190000 	/usr/lib/libxml2.2.dylib
0x0000000059190000 	/System/Library/PrivateFrameworks/CoreUI.framework/Versions/A/CoreUI
0x0000000059190000 	/System/Library/Frameworks/CoreAudio.framework/Versions/A/CoreAudio
0x0000000059190000 	/System/Library/Frameworks/DiskArbitration.framework/Versions/A/DiskArbitration
0x0000000059190000 	/usr/lib/liblangid.dylib
0x0000000059190000 	/System/Library/PrivateFrameworks/MultitouchSupport.framework/Versions/A/MultitouchSupport
0x0000000059190000 	/System/Library/Frameworks/IOKit.framework/Versions/A/IOKit
0x0000000059190000 	/usr/lib/libDiagnosticMessagesClient.dylib
0x0000000059190000 	/System/Library/Frameworks/CoreServices.framework/Versions/A/CoreServices
0x0000000059190000 	/System/Library/PrivateFrameworks/PerformanceAnalysis.framework/Versions/A/PerformanceAnalysis
0x0000000059190000 	/System/Library/PrivateFrameworks/GenerationalStorage.framework/Versions/A/GenerationalStorage
0x0000000059190000 	/System/Library/Frameworks/OpenGL.framework/Versions/A/OpenGL
0x0000000059190000 	/System/Library/Frameworks/CoreImage.framework/Versions/A/CoreImage
0x0000000059190000 	/System/Library/Frameworks/CoreText.framework/Versions/A/CoreText
0x0000000059190000 	/System/Library/Frameworks/ImageIO.framework/Versions/A/ImageIO
0x0000000059190000 	/System/Library/PrivateFrameworks/Backup.framework/Versions/A/Backup
0x0000000059190000 	/usr/lib/libarchive.2.dylib
0x0000000059190000 	/System/Library/Frameworks/CFNetwork.framework/Versions/A/CFNetwork
0x0000000059190000 	/System/Library/Frameworks/SystemConfiguration.framework/Versions/A/SystemConfiguration
0x0000000059190000 	/usr/lib/libCRFSuite.dylib
0x0000000059190000 	/usr/lib/libc++.1.dylib
0x0000000059190000 	/usr/lib/libc++abi.dylib
0x0000000059190000 	/usr/lib/system/libcache.dylib
0x0000000059190000 	/usr/lib/system/libcommonCrypto.dylib
0x0000000059190000 	/usr/lib/system/libcompiler_rt.dylib
0x0000000059190000 	/usr/lib/system/libcopyfile.dylib
0x0000000059190000 	/usr/lib/system/libcorecrypto.dylib
0x0000000059190000 	/usr/lib/system/libdispatch.dylib
0x0000000059190000 	/usr/lib/system/libdyld.dylib
0x0000000059190000 	/usr/lib/system/libkeymgr.dylib
0x0000000059190000 	/usr/lib/system/liblaunch.dylib
0x0000000059190000 	/usr/lib/system/libmacho.dylib
0x0000000059190000 	/usr/lib/system/libquarantine.dylib
0x0000000059190000 	/usr/lib/system/libremovefile.dylib
0x0000000059190000 	/usr/lib/system/libsystem_asl.dylib
0x0000000059190000 	/usr/lib/system/libsystem_blocks.dylib
0x0000000059190000 	/usr/lib/system/libsystem_c.dylib
0x0000000059190000 	/usr/lib/system/libsystem_configuration.dylib
0x0000000059190000 	/usr/lib/system/libsystem_coreservices.dylib
0x0000000059190000 	/usr/lib/system/libsystem_coretls.dylib
0x0000000059190000 	/usr/lib/system/libsystem_dnssd.dylib
0x0000000059190000 	/usr/lib/system/libsystem_info.dylib
0x0000000059190000 	/usr/lib/system/libsystem_kernel.dylib
0x0000000059190000 	/usr/lib/system/libsystem_m.dylib
0x0000000059190000 	/usr/lib/system/libsystem_malloc.dylib
0x0000000059190000 	/usr/lib/system/libsystem_network.dylib
0x0000000059190000 	/usr/lib/system/libsystem_networkextension.dylib
0x0000000059190000 	/usr/lib/system/libsystem_notify.dylib
0x0000000059190000 	/usr/lib/system/libsystem_platform.dylib
0x0000000059190000 	/usr/lib/system/libsystem_pthread.dylib
0x0000000059190000 	/usr/lib/system/libsystem_sandbox.dylib
0x0000000059190000 	/usr/lib/system/libsystem_secinit.dylib
0x0000000059190000 	/usr/lib/system/libsystem_symptoms.dylib
0x0000000059190000 	/usr/lib/system/libsystem_trace.dylib
0x0000000059190000 	/usr/lib/system/libunwind.dylib
0x0000000059190000 	/usr/lib/system/libxpc.dylib
0x0000000059190000 	/usr/lib/libbsm.0.dylib
0x0000000059190000 	/usr/lib/system/libkxld.dylib
0x0000000059190000 	/usr/lib/libcoretls.dylib
0x0000000059190000 	/usr/lib/libcoretls_cfhelpers.dylib
0x0000000059190000 	/usr/lib/libOpenScriptingUtil.dylib
0x0000000059190000 	/usr/lib/libpam.2.dylib
0x0000000059190000 	/usr/lib/libsqlite3.dylib
0x0000000059190000 	/usr/lib/libxar.1.dylib
0x0000000059190000 	/usr/lib/libbz2.1.0.dylib
0x0000000059190000 	/usr/lib/liblzma.5.dylib
0x0000000059190000 	/usr/lib/libnetwork.dylib
0x0000000059190000 	/usr/lib/libpcap.A.dylib
0x0000000059190000 	/System/Library/Frameworks/CoreServices.framework/Versions/A/Frameworks/FSEvents.framework/Versions/A/FSEvents
0x0000000059190000 	/System/Library/Frameworks/CoreServices.framework/Versions/A/Frameworks/CarbonCore.framework/Versions/A/CarbonCore
0x0000000059190000 	/System/Library/Frameworks/CoreServices.framework/Versions/A/Frameworks/Metadata.framework/Versions/A/Metadata
0x0000000059190000 	/System/Library/Frameworks/CoreServices.framework/Versions/A/Frameworks/OSServices.framework/Versions/A/OSServices
0x0000000059190000 	/System/Library/Frameworks/CoreServices.framework/Versions/A/Frameworks/SearchKit.framework/Versions/A/SearchKit
0x0000000059190000 	/System/Library/Frameworks/CoreServices.framework/Versions/A/Frameworks/AE.framework/Versions/A/AE
0x0000000059190000 	/System/Library/Frameworks/CoreServices.framework/Versions/A/Frameworks/LaunchServices.framework/Versions/A/LaunchServices
0x0000000059190000 	/System/Library/Frameworks/CoreServices.framework/Versions/A/Frameworks/DictionaryServices.framework/Versions/A/DictionaryServices
0x0000000059190000 	/System/Library/Frameworks/CoreServices.framework/Versions/A/Frameworks/SharedFileList.framework/Versions/A/SharedFileList
0x0000000059190000 	/System/Library/Frameworks/NetFS.framework/Versions/A/NetFS
0x0000000059190000 	/System/Library/PrivateFrameworks/NetAuth.framework/Versions/A/NetAuth
0x0000000059190000 	/System/Library/PrivateFrameworks/login.framework/Versions/A/Frameworks/loginsupport.framework/Versions/A/loginsupport
0x0000000059190000 	/System/Library/PrivateFrameworks/TCC.framework/Versions/A/TCC
0x0000000059190000 	/usr/lib/libmecabra.dylib
0x0000000059190000 	/System/Library/Frameworks/ApplicationServices.framework/Versions/A/Frameworks/ATS.framework/Versions/A/ATS
0x0000000059190000 	/System/Library/Frameworks/ApplicationServices.framework/Versions/A/Frameworks/ColorSync.framework/Versions/A/ColorSync
0x0000000059190000 	/System/Library/Frameworks/ApplicationServices.framework/Versions/A/Frameworks/HIServices.framework/Versions/A/HIServices
0x0000000059190000 	/System/Library/Frameworks/ApplicationServices.framework/Versions/A/Frameworks/LangAnalysis.framework/Versions/A/LangAnalysis
0x0000000059190000 	/System/Library/Frameworks/ApplicationServices.framework/Versions/A/Frameworks/PrintCore.framework/Versions/A/PrintCore
0x0000000059190000 	/System/Library/Frameworks/ApplicationServices.framework/Versions/A/Frameworks/QD.framework/Versions/A/QD
0x0000000059190000 	/System/Library/Frameworks/ApplicationServices.framework/Versions/A/Frameworks/SpeechSynthesis.framework/Versions/A/SpeechSynthesis
0x0000000059190000 	/System/Library/Frameworks/Accelerate.framework/Versions/A/Frameworks/vImage.framework/Versions/A/vImage
0x0000000059190000 	/System/Library/Frameworks/Accelerate.framework/Versions/A/Frameworks/vecLib.framework/Versions/A/vecLib
0x0000000059190000 	/System/Library/Frameworks/Accelerate.framework/Versions/A/Frameworks/vecLib.framework/Versions/A/libvDSP.dylib
0x0000000059190000 	/System/Library/Frameworks/Accelerate.framework/Versions/A/Frameworks/vecLib.framework/Versions/A/libBNNS.dylib
0x0000000059190000 	/System/Library/Frameworks/Accelerate.framework/Versions/A/Frameworks/vecLib.framework/Versions/A/libQuadrature.dylib
0x0000000059190000 	/System/Library/Frameworks/Accelerate.framework/Versions/A/Frameworks/vecLib.framework/Versions/A/libvMisc.dylib
0x0000000059190000 	/System/Library/Frameworks/Accelerate.framework/Versions/A/Frameworks/vecLib.framework/Versions/A/libLAPACK.dylib
0x0000000059190000 	/System/Library/Frameworks/Accelerate.framework/Versions/A/Frameworks/vecLib.framework/Versions/A/libBLAS.dylib
0x0000000059190000 	/System/Library/Frameworks/Accelerate.framework/Versions/A/Frameworks/vecLib.framework/Versions/A/libLinearAlgebra.dylib
0x0000000059190000 	/System/Library/Frameworks/Accelerate.framework/Versions/A/Frameworks/vecLib.framework/Versions/A/libSparseBLAS.dylib
0x0000000059190000 	/System/Library/Frameworks/ApplicationServices.framework/Versions/A/Frameworks/ATS.framework/Versions/A/Resources/libFontParser.dylib
0x0000000059190000 	/System/Library/Frameworks/ApplicationServices.framework/Versions/A/Frameworks/ATS.framework/Versions/A/Resources/libFontRegistry.dylib
0x0000000059190000 	/System/Library/Frameworks/ImageIO.framework/Versions/A/Resources/libJPEG.dylib
0x0000000059190000 	/System/Library/Frameworks/ImageIO.framework/Versions/A/Resources/libTIFF.dylib
0x0000000059190000 	/System/Library/Frameworks/ImageIO.framework/Versions/A/Resources/libPng.dylib
0x0000000059190000 	/System/Library/Frameworks/ImageIO.framework/Versions/A/Resources/libGIF.dylib
0x0000000059190000 	/System/Library/Frameworks/ImageIO.framework/Versions/A/Resources/libJP2.dylib
0x0000000059190000 	/System/Library/Frameworks/ImageIO.framework/Versions/A/Resources/libRadiance.dylib
0x0000000059190000 	/usr/lib/libcompression.dylib
0x0000000059190000 	/System/Library/PrivateFrameworks/AppleJPEG.framework/Versions/A/AppleJPEG
0x0000000059190000 	/usr/lib/libcups.2.dylib
0x0000000059190000 	/System/Library/Frameworks/Kerberos.framework/Versions/A/Kerberos
0x0000000059190000 	/System/Library/Frameworks/GSS.framework/Versions/A/GSS
0x0000000059190000 	/usr/lib/libresolv.9.dylib
0x0000000059190000 	/usr/lib/libiconv.2.dylib
0x0000000059190000 	/System/Library/PrivateFrameworks/Heimdal.framework/Versions/A/Heimdal
0x0000000059190000 	/usr/lib/libheimdal-asn1.dylib
0x0000000059190000 	/System/Library/Frameworks/OpenDirectory.framework/Versions/A/OpenDirectory
0x0000000059190000 	/System/Library/PrivateFrameworks/CommonAuth.framework/Versions/A/CommonAuth
0x0000000059190000 	/System/Library/Frameworks/OpenDirectory.framework/Versions/A/Frameworks/CFOpenDirectory.framework/Versions/A/CFOpenDirectory
0x0000000059190000 	/System/Library/Frameworks/SecurityFoundation.framework/Versions/A/SecurityFoundation
0x0000000059190000 	/System/Library/PrivateFrameworks/LanguageModeling.framework/Versions/A/LanguageModeling
0x0000000059190000 	/usr/lib/libmarisa.dylib
0x0000000059190000 	/usr/lib/libChineseTokenizer.dylib
0x0000000059190000 	/usr/lib/libcmph.dylib
0x0000000059190000 	/System/Library/PrivateFrameworks/CoreEmoji.framework/Versions/A/CoreEmoji
0x0000000059190000 	/System/Library/Frameworks/ServiceManagement.framework/Versions/A/ServiceManagement
0x0000000059190000 	/usr/lib/libxslt.1.dylib
0x0000000059190000 	/System/Library/Frameworks/Carbon.framework/Versions/A/Frameworks/Ink.framework/Versions/A/Ink
0x0000000059190000 	/System/Library/PrivateFrameworks/TextureIO.framework/Versions/A/TextureIO
0x0000000059190000 	/System/Library/Frameworks/Metal.framework/Versions/A/Metal
0x0000000059190000 	/usr/lib/libate.dylib
0x0000000059190000 	/System/Library/PrivateFrameworks/GPUCompiler.framework/libmetal_timestamp.dylib
0x0000000059190000 	/System/Library/Frameworks/OpenGL.framework/Versions/A/Libraries/libCoreFSCache.dylib
0x0000000059190000 	/System/Library/PrivateFrameworks/IOAccelerator.framework/Versions/A/IOAccelerator
0x0000000059190000 	/System/Library/Frameworks/CoreVideo.framework/Versions/A/CoreVideo
0x0000000059190000 	/usr/lib/libFosl_dynamic.dylib
0x0000000059190000 	/System/Library/PrivateFrameworks/MetalPerformanceShaders.framework/Versions/A/MetalPerformanceShaders
0x0000000059190000 	/System/Library/PrivateFrameworks/FaceCore.framework/Versions/A/FaceCore
0x0000000059190000 	/System/Library/Frameworks/OpenCL.framework/Versions/A/OpenCL
0x0000000059190000 	/System/Library/Frameworks/OpenGL.framework/Versions/A/Libraries/libGLU.dylib
0x0000000059190000 	/System/Library/Frameworks/OpenGL.framework/Versions/A/Libraries/libGFXShared.dylib
0x0000000059190000 	/System/Library/Frameworks/OpenGL.framework/Versions/A/Libraries/libGL.dylib
0x0000000059190000 	/System/Library/Frameworks/OpenGL.framework/Versions/A/Libraries/libGLImage.dylib
0x0000000059190000 	/System/Library/Frameworks/OpenGL.framework/Versions/A/Libraries/libCVMSPluginSupport.dylib
0x0000000059190000 	/System/Library/Frameworks/OpenGL.framework/Versions/A/Libraries/libCoreVMClient.dylib
0x0000000059190000 	/System/Library/PrivateFrameworks/CrashReporterSupport.framework/Versions/A/CrashReporterSupport
0x0000000059190000 	/System/Library/PrivateFrameworks/Sharing.framework/Versions/A/Sharing
0x0000000059190000 	/System/Library/PrivateFrameworks/IconServices.framework/Versions/A/IconServices
0x0000000059190000 	/System/Library/PrivateFrameworks/ProtocolBuffer.framework/Versions/A/ProtocolBuffer
0x0000000059190000 	/System/Library/PrivateFrameworks/Apple80211.framework/Versions/A/Apple80211
0x0000000059190000 	/System/Library/Frameworks/CoreWLAN.framework/Versions/A/CoreWLAN
0x0000000059190000 	/System/Library/PrivateFrameworks/CoreUtils.framework/Versions/A/CoreUtils
0x0000000059190000 	/System/Library/Frameworks/IOBluetooth.framework/Versions/A/IOBluetooth
0x0000000059190000 	/System/Library/PrivateFrameworks/CoreWiFi.framework/Versions/A/CoreWiFi
0x0000000059190000 	/System/Library/Frameworks/CoreBluetooth.framework/Versions/A/CoreBluetooth
0x0000000059190000 	/System/Library/Frameworks/CoreDisplay.framework/Versions/A/CoreDisplay
0x0000000059190000 	/System/Library/PrivateFrameworks/IOPresentment.framework/Versions/A/IOPresentment
0x0000000059190000 	/System/Library/PrivateFrameworks/DSExternalDisplay.framework/Versions/A/DSExternalDisplay
0x0000000059190000 	/System/Library/PrivateFrameworks/DebugSymbols.framework/Versions/A/DebugSymbols
0x0000000059190000 	/System/Library/PrivateFrameworks/CoreSymbolication.framework/Versions/A/CoreSymbolication
0x0000000059190000 	/System/Library/PrivateFrameworks/Symbolication.framework/Versions/A/Symbolication
0x0000000059190000 	/System/Library/PrivateFrameworks/AppleFSCompression.framework/Versions/A/AppleFSCompression
0x0000000059190000 	/System/Library/PrivateFrameworks/SpeechRecognitionCore.framework/Versions/A/SpeechRecognitionCore
0x0000000059190000 	/System/Library/PrivateFrameworks/ChunkingLibrary.framework/Versions/A/ChunkingLibrary
0x0000000109800000 	/Library/Java/JavaVirtualMachines/jdk1.8.0_102.jdk/Contents/Home/jre/lib/server/libjvm.dylib
0x0000000059190000 	/usr/lib/libstdc++.6.dylib
0x0000000108eac000 	/Library/Java/JavaVirtualMachines/jdk1.8.0_102.jdk/Contents/Home/jre/lib/libverify.dylib
0x0000000108eba000 	/Library/Java/JavaVirtualMachines/jdk1.8.0_102.jdk/Contents/Home/jre/lib/libjava.dylib
0x0000000108ef9000 	/Library/Java/JavaVirtualMachines/jdk1.8.0_102.jdk/Contents/Home/jre/lib/libzip.dylib
0x0000000115ae4000 	/System/Library/Frameworks/JavaVM.framework/Frameworks/JavaRuntimeSupport.framework/JavaRuntimeSupport
0x0000000115afe000 	/System/Library/Frameworks/JavaVM.framework/Versions/A/Frameworks/JavaNativeFoundation.framework/Versions/A/JavaNativeFoundation
0x0000000115b13000 	/System/Library/Frameworks/JavaVM.framework/Versions/A/JavaVM
0x0000000059190000 	/System/Library/Frameworks/Carbon.framework/Versions/A/Carbon
0x0000000115b20000 	/System/Library/PrivateFrameworks/JavaLaunching.framework/Versions/A/JavaLaunching
0x0000000059190000 	/System/Library/Frameworks/Carbon.framework/Versions/A/Frameworks/CommonPanels.framework/Versions/A/CommonPanels
0x0000000059190000 	/System/Library/Frameworks/Carbon.framework/Versions/A/Frameworks/Help.framework/Versions/A/Help
0x0000000059190000 	/System/Library/Frameworks/Carbon.framework/Versions/A/Frameworks/ImageCapture.framework/Versions/A/ImageCapture
0x0000000059190000 	/System/Library/Frameworks/Carbon.framework/Versions/A/Frameworks/OpenScripting.framework/Versions/A/OpenScripting
0x0000000059190000 	/System/Library/Frameworks/Carbon.framework/Versions/A/Frameworks/Print.framework/Versions/A/Print
0x0000000059190000 	/System/Library/Frameworks/Carbon.framework/Versions/A/Frameworks/SecurityHI.framework/Versions/A/SecurityHI
0x000000011796c000 	/Library/Java/JavaVirtualMachines/jdk1.8.0_102.jdk/Contents/Home/jre/lib/libawt.dylib
0x0000000117a14000 	/Library/Java/JavaVirtualMachines/jdk1.8.0_102.jdk/Contents/Home/jre/lib/./libmlib_image.dylib
0x0000000117ae0000 	/Library/Java/JavaVirtualMachines/jdk1.8.0_102.jdk/Contents/Home/jre/lib/libawt_lwawt.dylib
0x0000000117b95000 	/Library/Java/JavaVirtualMachines/jdk1.8.0_102.jdk/Contents/Home/jre/lib/./libosxapp.dylib
0x0000000059190000 	/System/Library/Frameworks/ExceptionHandling.framework/Versions/A/ExceptionHandling
0x0000000059190000 	/System/Library/PrivateFrameworks/CoreServicesInternal.framework/Versions/A/CoreServicesInternal
0x0000000059190000 	/System/Library/CoreServices/RawCamera.bundle/Contents/MacOS/RawCamera
0x0000000059190000 	/System/Library/Frameworks/Accelerate.framework/Versions/A/Frameworks/vImage.framework/Versions/A/Libraries/libCGInterfaces.dylib
0x0000000059190000 	/System/Library/Frameworks/ApplicationServices.framework/Versions/A/Frameworks/ATS.framework/Versions/A/Resources/libTrueTypeScaler.dylib
0x0000000059190000 	/System/Library/Frameworks/OpenGL.framework/Versions/A/Resources/GLEngine.bundle/GLEngine
0x0000000059190000 	/System/Library/Frameworks/OpenGL.framework/Versions/A/Libraries/libGLProgrammability.dylib
0x000000012938c000 	/System/Library/Extensions/AppleIntelHD3000GraphicsGLDriver.bundle/Contents/MacOS/AppleIntelHD3000GraphicsGLDriver
0x0000000059190000 	/System/Library/PrivateFrameworks/GPUSupport.framework/Versions/A/Libraries/libGPUSupport.dylib
0x0000000059190000 	/System/Library/Frameworks/OpenGL.framework/Versions/A/Resources/GLRendererFloat.bundle/GLRendererFloat
0x0000000059190000 	/System/Library/Frameworks/OpenCL.framework/Versions/A/Libraries/libcldcpuengine.dylib
0x0000000059190000 	/usr/lib/libcrypto.0.9.8.dylib
0x0000000059190000 	/System/Library/PrivateFrameworks/TrustEvaluationAgent.framework/Versions/A/TrustEvaluationAgent
0x0000000059190000 	/System/Library/PrivateFrameworks/FamilyControls.framework/Versions/A/FamilyControls
0x0000000059190000 	/System/Library/PrivateFrameworks/CommerceKit.framework/Versions/A/Frameworks/CommerceCore.framework/Versions/A/CommerceCore
0x0000000059190000 	/System/Library/PrivateFrameworks/SystemAdministration.framework/Versions/A/SystemAdministration
0x0000000059190000 	/System/Library/PrivateFrameworks/AppContainer.framework/Versions/A/AppContainer
0x0000000059190000 	/System/Library/PrivateFrameworks/SecCodeWrapper.framework/Versions/A/SecCodeWrapper
0x0000000059190000 	/System/Library/Frameworks/DirectoryService.framework/Versions/A/DirectoryService
0x0000000059190000 	/System/Library/PrivateFrameworks/DiskImages.framework/Versions/A/DiskImages
0x0000000059190000 	/System/Library/PrivateFrameworks/LoginUIKit.framework/Versions/A/Frameworks/LoginUICore.framework/Versions/A/LoginUICore
0x0000000059190000 	/usr/lib/libCoreStorage.dylib
0x0000000059190000 	/usr/lib/libcsfde.dylib
0x0000000059190000 	/usr/lib/libodfde.dylib
0x0000000059190000 	/System/Library/Frameworks/DiscRecording.framework/Versions/A/DiscRecording
0x0000000059190000 	/usr/lib/libcurl.4.dylib
0x0000000059190000 	/System/Library/PrivateFrameworks/MediaKit.framework/Versions/A/MediaKit
0x0000000059190000 	/System/Library/PrivateFrameworks/ProtectedCloudStorage.framework/Versions/A/ProtectedCloudStorage
0x0000000059190000 	/System/Library/PrivateFrameworks/EFILogin.framework/Versions/A/EFILogin
0x0000000059190000 	/usr/lib/libutil.dylib
0x0000000059190000 	/System/Library/Frameworks/LDAP.framework/Versions/A/LDAP
0x0000000059190000 	/usr/lib/libsasl2.2.dylib
0x0000000059190000 	/System/Library/PrivateFrameworks/CoreDaemon.framework/Versions/B/CoreDaemon
0x0000000059190000 	/System/Library/PrivateFrameworks/AppleSRP.framework/Versions/A/AppleSRP
0x0000000059190000 	/System/Library/PrivateFrameworks/APFS.framework/Versions/A/APFS
0x0000000059190000 	/System/Library/PrivateFrameworks/ViewBridge.framework/Versions/A/ViewBridge
0x0000000059190000 	/System/Library/PrivateFrameworks/XPCService.framework/Versions/A/XPCService
0x0000000059190000 	/System/Library/PrivateFrameworks/AppSandbox.framework/Versions/A/AppSandbox
0x0000000059190000 	/usr/lib/libsandbox.1.dylib
0x0000000059190000 	/usr/lib/libMatch.1.dylib

VM Arguments:
jvm_args: -Dfile.encoding=UTF-8 
java_command: EFBB
java_class_path (initial): /Volumes/HD/workspace/EFBB/build/classes:/Volumes/HD/Toncat/apache-tomcat-7.0.79/lib/annotations-api.jar:/Volumes/HD/Toncat/apache-tomcat-7.0.79/lib/catalina-ant.jar:/Volumes/HD/Toncat/apache-tomcat-7.0.79/lib/catalina-ha.jar:/Volumes/HD/Toncat/apache-tomcat-7.0.79/lib/catalina-tribes.jar:/Volumes/HD/Toncat/apache-tomcat-7.0.79/lib/catalina.jar:/Volumes/HD/Toncat/apache-tomcat-7.0.79/lib/ecj-4.4.2.jar:/Volumes/HD/Toncat/apache-tomcat-7.0.79/lib/el-api.jar:/Volumes/HD/Toncat/apache-tomcat-7.0.79/lib/jasper-el.jar:/Volumes/HD/Toncat/apache-tomcat-7.0.79/lib/jasper.jar:/Volumes/HD/Toncat/apache-tomcat-7.0.79/lib/jsp-api.jar:/Volumes/HD/Toncat/apache-tomcat-7.0.79/lib/servlet-api.jar:/Volumes/HD/Toncat/apache-tomcat-7.0.79/lib/tomcat-api.jar:/Volumes/HD/Toncat/apache-tomcat-7.0.79/lib/tomcat-coyote.jar:/Volumes/HD/Toncat/apache-tomcat-7.0.79/lib/tomcat-dbcp.jar:/Volumes/HD/Toncat/apache-tomcat-7.0.79/lib/tomcat-i18n-es.jar:/Volumes/HD/Toncat/apache-tomcat-7.0.79/lib/tomcat-i18n-fr.jar:/Volumes/HD/Toncat/apache-tomcat-7.0.79/lib/tomcat-i18n-ja.jar:/Volumes/HD/Toncat/apache-tomcat-7.0.79/lib/tomcat-jdbc.jar:/Volumes/HD/Toncat/apache-tomcat-7.0.79/lib/tomcat-util.jar:/Volumes/HD/Toncat/apache-tomcat-7.0.79/lib/tomcat7-websocket.jar:/Volumes/HD/Toncat/apache-tomcat-7.0.79/lib/websocket-api.jar:/Volumes/HD/workspace/EFBB/WebContent/WEB-INF/lib/commons-codec-1.10.jar:/Volumes/HD/workspace/EFBB/WebContent/WEB-INF/lib/commons-collections4-4.1.jar:/Volumes/HD/workspace/EFBB/WebContent/WEB-INF/lib/commons-fileupload-1.3.2.jar:/Volumes/HD/workspace/EFBB/WebContent/WEB-INF/lib/commons-io-2.5.jar:/Volumes/HD/workspace/EFBB/WebContent/WEB-INF/lib/commons-logging-1.2.jar:/Volumes/HD/workspace/EFBB/WebContent/WEB-INF/lib/curvesapi-1.04.jar:/Volumes/HD/workspace/EFBB/WebContent/WEB-INF/lib/dom4j-2.0.0-ALPHA-2.jar:/Volumes/HD/workspace/EFBB/WebContent/WEB-INF/lib/javax.faces-2.1.10.jar:/Volumes/HD/workspace/EFBB/WebContent/WEB-INF/lib/jsf-api-2.1.1-b04.jar:/V
Launcher Type: SUN_STANDARD

Environment Variables:
PATH=/usr/bin:/bin:/usr/sbin:/sbin
SHELL=/bin/zsh

Signal Handlers:
SIGSEGV: [libjvm.dylib+0x5b0579], sa_mask[0]=11111111011111110111111111111111, sa_flags=SA_ONSTACK|SA_RESTART|SA_SIGINFO
SIGBUS: [libjvm.dylib+0x5b0579], sa_mask[0]=11111111011111110111111111111111, sa_flags=SA_RESTART|SA_SIGINFO
SIGFPE: [libjvm.dylib+0x4874e4], sa_mask[0]=11111111011111110111111111111111, sa_flags=SA_RESTART|SA_SIGINFO
SIGPIPE: [libjvm.dylib+0x4874e4], sa_mask[0]=11111111011111110111111111111111, sa_flags=SA_RESTART|SA_SIGINFO
SIGXFSZ: [libjvm.dylib+0x4874e4], sa_mask[0]=11111111011111110111111111111111, sa_flags=SA_RESTART|SA_SIGINFO
SIGILL: [libjvm.dylib+0x4874e4], sa_mask[0]=11111111011111110111111111111111, sa_flags=SA_RESTART|SA_SIGINFO
SIGUSR1: SIG_DFL, sa_mask[0]=00000000000000000000000000000000, sa_flags=none
SIGUSR2: [libjvm.dylib+0x487002], sa_mask[0]=00100000000000000000000000000000, sa_flags=SA_RESTART|SA_SIGINFO
SIGHUP: [libjvm.dylib+0x4855d9], sa_mask[0]=11111111011111110111111111111111, sa_flags=SA_RESTART|SA_SIGINFO
SIGINT: [libjvm.dylib+0x4855d9], sa_mask[0]=11111111011111110111111111111111, sa_flags=SA_RESTART|SA_SIGINFO
SIGTERM: [libjvm.dylib+0x4855d9], sa_mask[0]=11111111011111110111111111111111, sa_flags=SA_RESTART|SA_SIGINFO
SIGQUIT: [libjvm.dylib+0x4855d9], sa_mask[0]=11111111011111110111111111111111, sa_flags=SA_RESTART|SA_SIGINFO


---------------  S Y S T E M  ---------------

OS:Bsduname:Darwin 16.7.0 Darwin Kernel Version 16.7.0: Thu Jun 15 17:36:27 PDT 2017; root:xnu-3789.70.16~2/RELEASE_X86_64 x86_64
rlimit: STACK 8192k, CORE 0k, NPROC 709, NOFILE 10240, AS infinity
load average:1.41 1.61 1.76

CPU:total 4 (2 cores per cpu, 2 threads per core) family 6 model 42 stepping 7, cmov, cx8, fxsr, mmx, sse, sse2, sse3, ssse3, sse4.1, sse4.2, popcnt, avx, aes, clmul, ht, tsc, tscinvbit

Memory: 4k page, physical 16777216k(1879952k free)

/proc/meminfo:


vm_info: Java HotSpot(TM) 64-Bit Server VM (25.102-b14) for bsd-amd64 JRE (1.8.0_102-b14), built on Jun 22 2016 11:42:36 by "java_re" with gcc 4.2.1 (Based on Apple Inc. build 5658) (LLVM build 2336.11.00)

time: Thu Sep 21 13:33:49 2017
elapsed time: 2 seconds (0d 0h 0m 2s)

