#
# A fatal error has been detected by the Java Runtime Environment:
#
#  SIGBUS (0xa) at pc=0x0000000101667e92, pid=998, tid=0x0000000000000e03
#
# JRE version: Java(TM) SE Runtime Environment (8.0_102-b14) (build 1.8.0_102-b14)
# Java VM: Java HotSpot(TM) 64-Bit Server VM (25.102-b14 mixed mode bsd-amd64 compressed oops)
# Problematic frame:
# C  [libzip.dylib+0x2e92]  newEntry+0x154
#
# Failed to write core dump. Core dumps have been disabled. To enable core dumping, try "ulimit -c unlimited" before starting Java again
#
# If you would like to submit a bug report, please visit:
#   http://bugreport.java.com/bugreport/crash.jsp
# The crash happened outside the Java Virtual Machine in native code.
# See problematic frame for where to report the bug.
#

---------------  T H R E A D  ---------------

Current thread (0x00007f922b809000):  JavaThread "main" [_thread_in_native, id=3587, stack(0x0000700004ed5000,0x0000700004fd5000)]

siginfo: si_signo: 10 (SIGBUS), si_code: 2 (BUS_ADRERR), si_addr: 0x000000011e0784ea

Registers:
RAX=0x00007f922b4db1a0, RBX=0x000000011e0784de, RCX=0x0000000000000001, RDX=0x0000000000000200
RSP=0x0000700004fd3e00, RBP=0x0000700004fd3e60, RSI=0x0000000000000800, RDI=0x00000000000002a9
R8 =0x0000000000000048, R9 =0x00007f922dc2a860, R10=0x00000000fffff800, R11=0x0000000000000001
R12=0x00007f922b4db5d0, R13=0x0000000000000090, R14=0x000000004eecb6d3, R15=0x00007f922dc183b0
RIP=0x0000000101667e92, EFLAGS=0x0000000000010206, ERR=0x0000000000000004
  TRAPNO=0x000000000000000e

Top of Stack: (sp=0x0000700004fd3e00)
0x0000700004fd3e00:   0000700004fd3e20 0000000000869e32
0x0000700004fd3e10:   00000007c01897c0 000000010170f4f0
0x0000700004fd3e20:   0000700004fd3e40 00007f922b4db1a0
0x0000700004fd3e30:   00007f922dc2a860 00007f922b4db1a0
0x0000700004fd3e40:   00007f922b4db5d0 0000000000000090
0x0000700004fd3e50:   000000004eecb6d3 00007f922dc183b0
0x0000700004fd3e60:   0000700004fd3ec0 000000010166852d
0x0000700004fd3e70:   0000700004fd3eef 0000700004fd3eee
0x0000700004fd3e80:   0000000f00000000 0000001000809000
0x0000700004fd3e90:   0000700004fd3ede 0000700004fd4328
0x0000700004fd3ea0:   0000000000000010 0000700004fd3ede
0x0000700004fd3eb0:   00007f922b4db1a0 00007f922b8091f8
0x0000700004fd3ec0:   0000700004fd4310 0000000101667238
0x0000700004fd3ed0:   00000000ffffffff 6f64000000000000
0x0000700004fd3ee0:   612f73706f725063 00006c6d782e7070
0x0000700004fd3ef0:   000000011b6e2b10 00007f922b809000
0x0000700004fd3f00:   000000011b6e2b10 00000000ffffffff
0x0000700004fd3f10:   0000700004fd3f50 0000000100822643
0x0000700004fd3f20:   000000011b6e2b10 00007f922b809000
0x0000700004fd3f30:   000000011b6e2b10 00000000ffffffff
0x0000700004fd3f40:   000000011b6e2b10 000000011b6e2b10
0x0000700004fd3f50:   0000700004fd3f90 0000000100822c96
0x0000700004fd3f60:   000000011b6e2b10 00007f922b809000
0x0000700004fd3f70:   0000000000000000 000000011b6e2b10
0x0000700004fd3f80:   0000000000000001 0000700004fd4058
0x0000700004fd3f90:   0000700004fd4020 0000000100a42930
0x0000700004fd3fa0:   00000007c00c5028 000000011b6e2b10
0x0000700004fd3fb0:   00007f922b809000 0000000100a4157d
0x0000700004fd3fc0:   0000000000000001 00007f922b809000
0x0000700004fd3fd0:   0000000000000000 000000011b6e2b10
0x0000700004fd3fe0:   0000700004fd4000 000000011b6e2b10
0x0000700004fd3ff0:   000000011b6e2b10 000000011b6e2b10 

Instructions: (pc=0x0000000101667e92)
0x0000000101667e72:   49 8b 7f 38 e8 5b 1b 00 00 4d 89 77 38 49 89 5f
0x0000000101667e82:   40 4c 89 f0 48 85 c0 0f 84 11 05 00 00 48 89 c3
0x0000000101667e92:   0f b6 43 0c 0f b6 4b 0d 48 c1 e1 08 48 01 c1 0f
0x0000000101667ea2:   b6 43 0e 0f b6 53 0f 48 c1 e2 08 48 01 c2 48 c1 

Register to memory mapping:

RAX=0x00007f922b4db1a0 is an unknown value
RBX=0x000000011e0784de is an unknown value
RCX=0x0000000000000001 is an unknown value
RDX=0x0000000000000200 is an unknown value
RSP=0x0000700004fd3e00 is pointing into the stack for thread: 0x00007f922b809000
RBP=0x0000700004fd3e60 is pointing into the stack for thread: 0x00007f922b809000
RSI=0x0000000000000800 is an unknown value
RDI=0x00000000000002a9 is an unknown value
R8 =0x0000000000000048 is an unknown value
R9 =0x00007f922dc2a860 is an unknown value
R10=0x00000000fffff800 is an unknown value
R11=0x0000000000000001 is an unknown value
R12=0x00007f922b4db5d0 is an unknown value
R13=0x0000000000000090 is an unknown value
R14=0x000000004eecb6d3 is an unknown value
R15=0x00007f922dc183b0 is an unknown value


Stack: [0x0000700004ed5000,0x0000700004fd5000],  sp=0x0000700004fd3e00,  free space=1019k
Native frames: (J=compiled Java code, j=interpreted, Vv=VM code, C=native code)
C  [libzip.dylib+0x2e92]  newEntry+0x154
C  [libzip.dylib+0x352d]  ZIP_GetEntry2+0xd4
C  [libzip.dylib+0x2238]  Java_java_util_zip_ZipFile_getEntry+0xcf
J 89  java.util.zip.ZipFile.getEntry(J[BZ)J (0 bytes) @ 0x00000001039d5d8e [0x00000001039d5cc0+0xce]
J 967 C1 java.util.zip.ZipFile.getInputStream(Ljava/util/zip/ZipEntry;)Ljava/io/InputStream; (304 bytes) @ 0x0000000103c55d8c [0x0000000103c55a00+0x38c]
j  org.apache.poi.openxml4j.util.ZipSecureFile.getInputStream(Ljava/util/zip/ZipEntry;)Ljava/io/InputStream;+2
j  org.apache.poi.openxml4j.util.ZipFileZipEntrySource.getInputStream(Ljava/util/zip/ZipEntry;)Ljava/io/InputStream;+22
j  org.apache.poi.openxml4j.opc.ZipPackagePart.getInputStreamImpl()Ljava/io/InputStream;+14
j  org.apache.poi.openxml4j.opc.PackagePart.getInputStream()Ljava/io/InputStream;+1
j  org.apache.poi.POIXMLProperties.<init>(Lorg/apache/poi/openxml4j/opc/OPCPackage;)V+69
j  org.apache.poi.POIXMLDocument.getProperties()Lorg/apache/poi/POIXMLProperties;+16
j  org.apache.poi.POIXMLDocument.write(Ljava/io/OutputStream;)V+39
j  EFBB.lerExcel(Ljava/lang/String;)Ljava/lang/String;+446
j  EFBB.visualizarArquivos()V+103
j  EFBB.main([Ljava/lang/String;)V+0
v  ~StubRoutines::call_stub
V  [libjvm.dylib+0x2ed5e2]
V  [libjvm.dylib+0x3243da]
V  [libjvm.dylib+0x31d151]
C  [java+0x3931]  JavaMain+0x9c4
C  [libsystem_pthread.dylib+0x393b]  _pthread_body+0xb4
C  [libsystem_pthread.dylib+0x3887]  _pthread_body+0x0
C  [libsystem_pthread.dylib+0x308d]  thread_start+0xd
C  0x0000000000000000

Java frames: (J=compiled Java code, j=interpreted, Vv=VM code)
J 89  java.util.zip.ZipFile.getEntry(J[BZ)J (0 bytes) @ 0x00000001039d5d18 [0x00000001039d5cc0+0x58]
J 967 C1 java.util.zip.ZipFile.getInputStream(Ljava/util/zip/ZipEntry;)Ljava/io/InputStream; (304 bytes) @ 0x0000000103c55d8c [0x0000000103c55a00+0x38c]
j  org.apache.poi.openxml4j.util.ZipSecureFile.getInputStream(Ljava/util/zip/ZipEntry;)Ljava/io/InputStream;+2
j  org.apache.poi.openxml4j.util.ZipFileZipEntrySource.getInputStream(Ljava/util/zip/ZipEntry;)Ljava/io/InputStream;+22
j  org.apache.poi.openxml4j.opc.ZipPackagePart.getInputStreamImpl()Ljava/io/InputStream;+14
j  org.apache.poi.openxml4j.opc.PackagePart.getInputStream()Ljava/io/InputStream;+1
j  org.apache.poi.POIXMLProperties.<init>(Lorg/apache/poi/openxml4j/opc/OPCPackage;)V+69
j  org.apache.poi.POIXMLDocument.getProperties()Lorg/apache/poi/POIXMLProperties;+16
j  org.apache.poi.POIXMLDocument.write(Ljava/io/OutputStream;)V+39
j  EFBB.lerExcel(Ljava/lang/String;)Ljava/lang/String;+446
j  EFBB.visualizarArquivos()V+103
j  EFBB.main([Ljava/lang/String;)V+0
v  ~StubRoutines::call_stub

---------------  P R O C E S S  ---------------

Java Threads: ( => current thread )
  0x00007f922bac0000 JavaThread "AWT-AppKit" daemon [_thread_in_native, id=775, stack(0x00007fff5ee06000,0x00007fff5f606000)]
  0x00007f922b803800 JavaThread "Service Thread" daemon [_thread_blocked, id=18947, stack(0x0000700005d05000,0x0000700005e05000)]
  0x00007f922c844800 JavaThread "C1 CompilerThread2" daemon [_thread_blocked, id=18435, stack(0x0000700005c02000,0x0000700005d02000)]
  0x00007f922d01d000 JavaThread "C2 CompilerThread1" daemon [_thread_blocked, id=17923, stack(0x0000700005aff000,0x0000700005bff000)]
  0x00007f922d01b800 JavaThread "C2 CompilerThread0" daemon [_thread_blocked, id=17411, stack(0x00007000059fc000,0x0000700005afc000)]
  0x00007f922d01a800 JavaThread "Signal Dispatcher" daemon [_thread_blocked, id=16899, stack(0x00007000058f9000,0x00007000059f9000)]
  0x00007f922c80b800 JavaThread "Finalizer" daemon [_thread_blocked, id=12547, stack(0x0000700005773000,0x0000700005873000)]
  0x00007f922c808800 JavaThread "Reference Handler" daemon [_thread_blocked, id=12035, stack(0x0000700005670000,0x0000700005770000)]
=>0x00007f922b809000 JavaThread "main" [_thread_in_native, id=3587, stack(0x0000700004ed5000,0x0000700004fd5000)]

Other Threads:
  0x00007f922c00f800 VMThread [stack: 0x000070000556d000,0x000070000566d000] [id=11523]
  0x00007f922c01d000 WatcherThread [stack: 0x0000700005e08000,0x0000700005f08000] [id=19459]

VM state:not at safepoint (normal execution)

VM Mutex/Monitor currently owned by a thread: None

Heap:
 PSYoungGen      total 76288K, used 38404K [0x000000076ab00000, 0x0000000774000000, 0x00000007c0000000)
  eden space 65536K, 42% used [0x000000076ab00000,0x000000076c605000,0x000000076eb00000)
  from space 10752K, 99% used [0x000000076eb00000,0x000000076f57c040,0x000000076f580000)
  to   space 10752K, 0% used [0x0000000773580000,0x0000000773580000,0x0000000774000000)
 ParOldGen       total 175104K, used 3762K [0x00000006c0000000, 0x00000006cab00000, 0x000000076ab00000)
  object space 175104K, 2% used [0x00000006c0000000,0x00000006c03ac9d0,0x00000006cab00000)
 Metaspace       used 13696K, capacity 13848K, committed 13952K, reserved 1060864K
  class space    used 1560K, capacity 1624K, committed 1664K, reserved 1048576K

Card table byte_map: [0x00000001023c0000,0x0000000102bc1000] byte_map_base: 0x00000000fedc0000

Marking Bits: (ParMarkBitMap*) 0x0000000100f66d20
 Begin Bits: [0x00000001128a8000, 0x00000001168a8000)
 End Bits:   [0x00000001168a8000, 0x000000011a8a8000)

Polling page: 0x000000010165b000

CodeCache: size=245760Kb used=5184Kb max_used=5184Kb free=240575Kb
 bounds [0x00000001038a8000, 0x0000000103dc8000, 0x00000001128a8000]
 total_blobs=1809 nmethods=1441 adapters=281
 compilation: enabled

Compilation events (10 events):
Event: 2.403 Thread 0x00007f922c844800 1437       3       org.apache.xmlbeans.QNameSet::forSets (201 bytes)
Event: 2.405 Thread 0x00007f922c844800 nmethod 1437 0x0000000103db1310 code [0x0000000103db15e0, 0x0000000103db2798]
Event: 2.405 Thread 0x00007f922c844800 1438       3       org.apache.xmlbeans.impl.schema.SchemaTypeSystemImpl$XsbReader::readXmlValueObject (350 bytes)
Event: 2.410 Thread 0x00007f922c844800 nmethod 1438 0x0000000103db2cd0 code [0x0000000103db3200, 0x0000000103db6308]
Event: 2.410 Thread 0x00007f922c844800 1439       3       org.apache.xmlbeans.impl.schema.BuiltinSchemaTypeSystem::resolveHandle (14 bytes)
Event: 2.410 Thread 0x00007f922c844800 nmethod 1439 0x0000000103db8290 code [0x0000000103db8400, 0x0000000103db8728]
Event: 2.410 Thread 0x00007f922c844800 1440       3       java.util.HashMap::<init> (98 bytes)
Event: 2.412 Thread 0x00007f922c844800 nmethod 1440 0x0000000103db8810 code [0x0000000103db8ac0, 0x0000000103db9dd8]
Event: 2.412 Thread 0x00007f922c844800 1441       3       java.util.LinkedHashMap$LinkedHashIterator::nextNode (54 bytes)
Event: 2.412 Thread 0x00007f922c844800 nmethod 1441 0x0000000103dba710 code [0x0000000103dba8a0, 0x0000000103dbac38]

GC Heap History (2 events):
Event: 1.805 GC heap before
{Heap before GC invocations=1 (full 0):
 PSYoungGen      total 76288K, used 65536K [0x000000076ab00000, 0x0000000770000000, 0x00000007c0000000)
  eden space 65536K, 100% used [0x000000076ab00000,0x000000076eb00000,0x000000076eb00000)
  from space 10752K, 0% used [0x000000076f580000,0x000000076f580000,0x0000000770000000)
  to   space 10752K, 0% used [0x000000076eb00000,0x000000076eb00000,0x000000076f580000)
 ParOldGen       total 175104K, used 0K [0x00000006c0000000, 0x00000006cab00000, 0x000000076ab00000)
  object space 175104K, 0% used [0x00000006c0000000,0x00000006c0000000,0x00000006cab00000)
 Metaspace       used 9790K, capacity 9920K, committed 10112K, reserved 1058816K
  class space    used 1030K, capacity 1108K, committed 1152K, reserved 1048576K
Event: 1.824 GC heap after
Heap after GC invocations=1 (full 0):
 PSYoungGen      total 76288K, used 10736K [0x000000076ab00000, 0x0000000774000000, 0x00000007c0000000)
  eden space 65536K, 0% used [0x000000076ab00000,0x000000076ab00000,0x000000076eb00000)
  from space 10752K, 99% used [0x000000076eb00000,0x000000076f57c040,0x000000076f580000)
  to   space 10752K, 0% used [0x0000000773580000,0x0000000773580000,0x0000000774000000)
 ParOldGen       total 175104K, used 3762K [0x00000006c0000000, 0x00000006cab00000, 0x000000076ab00000)
  object space 175104K, 2% used [0x00000006c0000000,0x00000006c03ac9d0,0x00000006cab00000)
 Metaspace       used 9790K, capacity 9920K, committed 10112K, reserved 1058816K
  class space    used 1030K, capacity 1108K, committed 1152K, reserved 1048576K
}

Deoptimization events (10 events):
Event: 1.619 Thread 0x00007f922b809000 Uncommon trap: reason=class_check action=maybe_recompile pc=0x0000000103b9e204 method=java.lang.StringCoding$StringDecoder.decode([BII)[C @ 40
Event: 1.619 Thread 0x00007f922b809000 Uncommon trap: reason=class_check action=maybe_recompile pc=0x0000000103b9e204 method=java.lang.StringCoding$StringDecoder.decode([BII)[C @ 40
Event: 1.619 Thread 0x00007f922b809000 Uncommon trap: reason=class_check action=maybe_recompile pc=0x0000000103b9e204 method=java.lang.StringCoding$StringDecoder.decode([BII)[C @ 40
Event: 1.619 Thread 0x00007f922b809000 Uncommon trap: reason=class_check action=maybe_recompile pc=0x0000000103b9e204 method=java.lang.StringCoding$StringDecoder.decode([BII)[C @ 40
Event: 1.681 Thread 0x00007f922b809000 Uncommon trap: reason=unstable_if action=reinterpret pc=0x0000000103b955c8 method=java.util.HashMap.putVal(ILjava/lang/Object;Ljava/lang/Object;ZZ)Ljava/lang/Object; @ 193
Event: 1.752 Thread 0x00007f922b809000 Uncommon trap: reason=unstable_if action=reinterpret pc=0x0000000103b6c338 method=java.lang.CharacterDataLatin1.digit(II)I @ 60
Event: 1.801 Thread 0x00007f922b809000 Uncommon trap: reason=unstable_if action=reinterpret pc=0x0000000103b50330 method=java.lang.StringCoding.decode(Ljava/lang/String;[BII)[C @ 51
Event: 1.801 Thread 0x00007f922b809000 Uncommon trap: reason=unstable_if action=reinterpret pc=0x0000000103b4e7f0 method=java.lang.StringCoding.decode(Ljava/lang/String;[BII)[C @ 51
Event: 1.870 Thread 0x00007f922b809000 Uncommon trap: reason=unstable_if action=reinterpret pc=0x0000000103b978f0 method=java.util.HashMap.hash(Ljava/lang/Object;)I @ 1
Event: 1.926 Thread 0x00007f922b809000 Uncommon trap: reason=unstable_if action=reinterpret pc=0x0000000103a35ccc method=java.lang.String.indexOf([CII[CIII)I @ 3

Internal exceptions (10 events):
Event: 1.906 Thread 0x00007f922b809000 Exception <a 'java/security/PrivilegedActionException'> (0x000000076b1bc418) thrown at [/Users/java_re/workspace/8-2-build-macosx-x86_64/jdk8u102/7268/hotspot/src/share/vm/prims/jvm.cpp, line 1386]
Event: 1.906 Thread 0x00007f922b809000 Exception <a 'java/security/PrivilegedActionException'> (0x000000076b1bc810) thrown at [/Users/java_re/workspace/8-2-build-macosx-x86_64/jdk8u102/7268/hotspot/src/share/vm/prims/jvm.cpp, line 1386]
Event: 1.908 Thread 0x00007f922b809000 Exception <a 'java/security/PrivilegedActionException'> (0x000000076b1d31a0) thrown at [/Users/java_re/workspace/8-2-build-macosx-x86_64/jdk8u102/7268/hotspot/src/share/vm/prims/jvm.cpp, line 1386]
Event: 1.908 Thread 0x00007f922b809000 Exception <a 'java/security/PrivilegedActionException'> (0x000000076b1d3598) thrown at [/Users/java_re/workspace/8-2-build-macosx-x86_64/jdk8u102/7268/hotspot/src/share/vm/prims/jvm.cpp, line 1386]
Event: 1.908 Thread 0x00007f922b809000 Exception <a 'java/security/PrivilegedActionException'> (0x000000076b1db5e8) thrown at [/Users/java_re/workspace/8-2-build-macosx-x86_64/jdk8u102/7268/hotspot/src/share/vm/prims/jvm.cpp, line 1386]
Event: 1.908 Thread 0x00007f922b809000 Exception <a 'java/security/PrivilegedActionException'> (0x000000076b1db9e0) thrown at [/Users/java_re/workspace/8-2-build-macosx-x86_64/jdk8u102/7268/hotspot/src/share/vm/prims/jvm.cpp, line 1386]
Event: 1.908 Thread 0x00007f922b809000 Exception <a 'java/security/PrivilegedActionException'> (0x000000076b1e3b70) thrown at [/Users/java_re/workspace/8-2-build-macosx-x86_64/jdk8u102/7268/hotspot/src/share/vm/prims/jvm.cpp, line 1386]
Event: 1.908 Thread 0x00007f922b809000 Exception <a 'java/security/PrivilegedActionException'> (0x000000076b1e3f68) thrown at [/Users/java_re/workspace/8-2-build-macosx-x86_64/jdk8u102/7268/hotspot/src/share/vm/prims/jvm.cpp, line 1386]
Event: 1.909 Thread 0x00007f922b809000 Exception <a 'java/security/PrivilegedActionException'> (0x000000076b1ec3a8) thrown at [/Users/java_re/workspace/8-2-build-macosx-x86_64/jdk8u102/7268/hotspot/src/share/vm/prims/jvm.cpp, line 1386]
Event: 1.909 Thread 0x00007f922b809000 Exception <a 'java/security/PrivilegedActionException'> (0x000000076b1ec7a0) thrown at [/Users/java_re/workspace/8-2-build-macosx-x86_64/jdk8u102/7268/hotspot/src/share/vm/prims/jvm.cpp, line 1386]

Events (10 events):
Event: 2.415 loading class org/openxmlformats/schemas/officeDocument/x2006/customProperties/PropertiesDocument
Event: 2.415 loading class org/openxmlformats/schemas/officeDocument/x2006/customProperties/PropertiesDocument done
Event: 2.416 loading class org/openxmlformats/schemas/officeDocument/x2006/customProperties/impl/PropertiesDocumentImpl
Event: 2.416 loading class org/openxmlformats/schemas/officeDocument/x2006/customProperties/impl/PropertiesDocumentImpl done
Event: 2.417 loading class org/openxmlformats/schemas/officeDocument/x2006/customProperties/impl/CTPropertiesImpl
Event: 2.417 loading class org/openxmlformats/schemas/officeDocument/x2006/customProperties/impl/CTPropertiesImpl done
Event: 2.418 loading class org/openxmlformats/schemas/officeDocument/x2006/customProperties/CTProperties
Event: 2.418 loading class org/openxmlformats/schemas/officeDocument/x2006/customProperties/CTProperties done
Event: 2.419 loading class org/apache/poi/POIXMLProperties$CoreProperties
Event: 2.419 loading class org/apache/poi/POIXMLProperties$CoreProperties done


Dynamic libraries:
0x0000000027cb6000 	/System/Library/Frameworks/Cocoa.framework/Versions/A/Cocoa
0x0000000027cb6000 	/System/Library/Frameworks/Security.framework/Versions/A/Security
0x0000000027cb6000 	/System/Library/Frameworks/ApplicationServices.framework/Versions/A/ApplicationServices
0x0000000027cb6000 	/usr/lib/libz.1.dylib
0x0000000027cb6000 	/usr/lib/libSystem.B.dylib
0x0000000027cb6000 	/usr/lib/libobjc.A.dylib
0x0000000027cb6000 	/System/Library/Frameworks/CoreFoundation.framework/Versions/A/CoreFoundation
0x0000000027cb6000 	/System/Library/Frameworks/Foundation.framework/Versions/C/Foundation
0x0000000027cb6000 	/System/Library/Frameworks/AppKit.framework/Versions/C/AppKit
0x0000000027cb6000 	/System/Library/Frameworks/CoreData.framework/Versions/A/CoreData
0x0000000027cb6000 	/System/Library/PrivateFrameworks/RemoteViewServices.framework/Versions/A/RemoteViewServices
0x0000000027cb6000 	/System/Library/PrivateFrameworks/UIFoundation.framework/Versions/A/UIFoundation
0x0000000027cb6000 	/System/Library/PrivateFrameworks/DFRFoundation.framework/Versions/A/DFRFoundation
0x0000000027cb6000 	/usr/lib/libenergytrace.dylib
0x0000000027cb6000 	/System/Library/PrivateFrameworks/SkyLight.framework/Versions/A/SkyLight
0x0000000027cb6000 	/System/Library/Frameworks/CoreGraphics.framework/Versions/A/CoreGraphics
0x0000000027cb6000 	/usr/lib/libScreenReader.dylib
0x0000000027cb6000 	/System/Library/Frameworks/Accelerate.framework/Versions/A/Accelerate
0x0000000027cb6000 	/System/Library/Frameworks/IOSurface.framework/Versions/A/IOSurface
0x0000000027cb6000 	/System/Library/Frameworks/AudioToolbox.framework/Versions/A/AudioToolbox
0x0000000027cb6000 	/System/Library/Frameworks/AudioUnit.framework/Versions/A/AudioUnit
0x0000000027cb6000 	/System/Library/PrivateFrameworks/DataDetectorsCore.framework/Versions/A/DataDetectorsCore
0x0000000027cb6000 	/System/Library/PrivateFrameworks/DesktopServicesPriv.framework/Versions/A/DesktopServicesPriv
0x0000000027cb6000 	/System/Library/Frameworks/Carbon.framework/Versions/A/Frameworks/HIToolbox.framework/Versions/A/HIToolbox
0x0000000027cb6000 	/usr/lib/libicucore.A.dylib
0x0000000027cb6000 	/System/Library/Frameworks/QuartzCore.framework/Versions/A/QuartzCore
0x0000000027cb6000 	/System/Library/Frameworks/Carbon.framework/Versions/A/Frameworks/SpeechRecognition.framework/Versions/A/SpeechRecognition
0x0000000027cb6000 	/usr/lib/libauto.dylib
0x0000000027cb6000 	/usr/lib/libxml2.2.dylib
0x0000000027cb6000 	/System/Library/PrivateFrameworks/CoreUI.framework/Versions/A/CoreUI
0x0000000027cb6000 	/System/Library/Frameworks/CoreAudio.framework/Versions/A/CoreAudio
0x0000000027cb6000 	/System/Library/Frameworks/DiskArbitration.framework/Versions/A/DiskArbitration
0x0000000027cb6000 	/usr/lib/liblangid.dylib
0x0000000027cb6000 	/System/Library/PrivateFrameworks/MultitouchSupport.framework/Versions/A/MultitouchSupport
0x0000000027cb6000 	/System/Library/Frameworks/IOKit.framework/Versions/A/IOKit
0x0000000027cb6000 	/usr/lib/libDiagnosticMessagesClient.dylib
0x0000000027cb6000 	/System/Library/Frameworks/CoreServices.framework/Versions/A/CoreServices
0x0000000027cb6000 	/System/Library/PrivateFrameworks/PerformanceAnalysis.framework/Versions/A/PerformanceAnalysis
0x0000000027cb6000 	/System/Library/PrivateFrameworks/GenerationalStorage.framework/Versions/A/GenerationalStorage
0x0000000027cb6000 	/System/Library/Frameworks/OpenGL.framework/Versions/A/OpenGL
0x0000000027cb6000 	/System/Library/Frameworks/CoreImage.framework/Versions/A/CoreImage
0x0000000027cb6000 	/System/Library/Frameworks/CoreText.framework/Versions/A/CoreText
0x0000000027cb6000 	/System/Library/Frameworks/ImageIO.framework/Versions/A/ImageIO
0x0000000027cb6000 	/System/Library/PrivateFrameworks/Backup.framework/Versions/A/Backup
0x0000000027cb6000 	/usr/lib/libarchive.2.dylib
0x0000000027cb6000 	/System/Library/Frameworks/CFNetwork.framework/Versions/A/CFNetwork
0x0000000027cb6000 	/System/Library/Frameworks/SystemConfiguration.framework/Versions/A/SystemConfiguration
0x0000000027cb6000 	/usr/lib/libCRFSuite.dylib
0x0000000027cb6000 	/usr/lib/libc++.1.dylib
0x0000000027cb6000 	/usr/lib/libc++abi.dylib
0x0000000027cb6000 	/usr/lib/system/libcache.dylib
0x0000000027cb6000 	/usr/lib/system/libcommonCrypto.dylib
0x0000000027cb6000 	/usr/lib/system/libcompiler_rt.dylib
0x0000000027cb6000 	/usr/lib/system/libcopyfile.dylib
0x0000000027cb6000 	/usr/lib/system/libcorecrypto.dylib
0x0000000027cb6000 	/usr/lib/system/libdispatch.dylib
0x0000000027cb6000 	/usr/lib/system/libdyld.dylib
0x0000000027cb6000 	/usr/lib/system/libkeymgr.dylib
0x0000000027cb6000 	/usr/lib/system/liblaunch.dylib
0x0000000027cb6000 	/usr/lib/system/libmacho.dylib
0x0000000027cb6000 	/usr/lib/system/libquarantine.dylib
0x0000000027cb6000 	/usr/lib/system/libremovefile.dylib
0x0000000027cb6000 	/usr/lib/system/libsystem_asl.dylib
0x0000000027cb6000 	/usr/lib/system/libsystem_blocks.dylib
0x0000000027cb6000 	/usr/lib/system/libsystem_c.dylib
0x0000000027cb6000 	/usr/lib/system/libsystem_configuration.dylib
0x0000000027cb6000 	/usr/lib/system/libsystem_coreservices.dylib
0x0000000027cb6000 	/usr/lib/system/libsystem_coretls.dylib
0x0000000027cb6000 	/usr/lib/system/libsystem_dnssd.dylib
0x0000000027cb6000 	/usr/lib/system/libsystem_info.dylib
0x0000000027cb6000 	/usr/lib/system/libsystem_kernel.dylib
0x0000000027cb6000 	/usr/lib/system/libsystem_m.dylib
0x0000000027cb6000 	/usr/lib/system/libsystem_malloc.dylib
0x0000000027cb6000 	/usr/lib/system/libsystem_network.dylib
0x0000000027cb6000 	/usr/lib/system/libsystem_networkextension.dylib
0x0000000027cb6000 	/usr/lib/system/libsystem_notify.dylib
0x0000000027cb6000 	/usr/lib/system/libsystem_platform.dylib
0x0000000027cb6000 	/usr/lib/system/libsystem_pthread.dylib
0x0000000027cb6000 	/usr/lib/system/libsystem_sandbox.dylib
0x0000000027cb6000 	/usr/lib/system/libsystem_secinit.dylib
0x0000000027cb6000 	/usr/lib/system/libsystem_symptoms.dylib
0x0000000027cb6000 	/usr/lib/system/libsystem_trace.dylib
0x0000000027cb6000 	/usr/lib/system/libunwind.dylib
0x0000000027cb6000 	/usr/lib/system/libxpc.dylib
0x0000000027cb6000 	/usr/lib/libbsm.0.dylib
0x0000000027cb6000 	/usr/lib/system/libkxld.dylib
0x0000000027cb6000 	/usr/lib/libcoretls.dylib
0x0000000027cb6000 	/usr/lib/libcoretls_cfhelpers.dylib
0x0000000027cb6000 	/usr/lib/libOpenScriptingUtil.dylib
0x0000000027cb6000 	/usr/lib/libpam.2.dylib
0x0000000027cb6000 	/usr/lib/libsqlite3.dylib
0x0000000027cb6000 	/usr/lib/libxar.1.dylib
0x0000000027cb6000 	/usr/lib/libbz2.1.0.dylib
0x0000000027cb6000 	/usr/lib/liblzma.5.dylib
0x0000000027cb6000 	/usr/lib/libnetwork.dylib
0x0000000027cb6000 	/usr/lib/libpcap.A.dylib
0x0000000027cb6000 	/System/Library/Frameworks/CoreServices.framework/Versions/A/Frameworks/FSEvents.framework/Versions/A/FSEvents
0x0000000027cb6000 	/System/Library/Frameworks/CoreServices.framework/Versions/A/Frameworks/CarbonCore.framework/Versions/A/CarbonCore
0x0000000027cb6000 	/System/Library/Frameworks/CoreServices.framework/Versions/A/Frameworks/Metadata.framework/Versions/A/Metadata
0x0000000027cb6000 	/System/Library/Frameworks/CoreServices.framework/Versions/A/Frameworks/OSServices.framework/Versions/A/OSServices
0x0000000027cb6000 	/System/Library/Frameworks/CoreServices.framework/Versions/A/Frameworks/SearchKit.framework/Versions/A/SearchKit
0x0000000027cb6000 	/System/Library/Frameworks/CoreServices.framework/Versions/A/Frameworks/AE.framework/Versions/A/AE
0x0000000027cb6000 	/System/Library/Frameworks/CoreServices.framework/Versions/A/Frameworks/LaunchServices.framework/Versions/A/LaunchServices
0x0000000027cb6000 	/System/Library/Frameworks/CoreServices.framework/Versions/A/Frameworks/DictionaryServices.framework/Versions/A/DictionaryServices
0x0000000027cb6000 	/System/Library/Frameworks/CoreServices.framework/Versions/A/Frameworks/SharedFileList.framework/Versions/A/SharedFileList
0x0000000027cb6000 	/System/Library/Frameworks/NetFS.framework/Versions/A/NetFS
0x0000000027cb6000 	/System/Library/PrivateFrameworks/NetAuth.framework/Versions/A/NetAuth
0x0000000027cb6000 	/System/Library/PrivateFrameworks/login.framework/Versions/A/Frameworks/loginsupport.framework/Versions/A/loginsupport
0x0000000027cb6000 	/System/Library/PrivateFrameworks/TCC.framework/Versions/A/TCC
0x0000000027cb6000 	/usr/lib/libmecabra.dylib
0x0000000027cb6000 	/System/Library/Frameworks/ApplicationServices.framework/Versions/A/Frameworks/ATS.framework/Versions/A/ATS
0x0000000027cb6000 	/System/Library/Frameworks/ApplicationServices.framework/Versions/A/Frameworks/ColorSync.framework/Versions/A/ColorSync
0x0000000027cb6000 	/System/Library/Frameworks/ApplicationServices.framework/Versions/A/Frameworks/HIServices.framework/Versions/A/HIServices
0x0000000027cb6000 	/System/Library/Frameworks/ApplicationServices.framework/Versions/A/Frameworks/LangAnalysis.framework/Versions/A/LangAnalysis
0x0000000027cb6000 	/System/Library/Frameworks/ApplicationServices.framework/Versions/A/Frameworks/PrintCore.framework/Versions/A/PrintCore
0x0000000027cb6000 	/System/Library/Frameworks/ApplicationServices.framework/Versions/A/Frameworks/QD.framework/Versions/A/QD
0x0000000027cb6000 	/System/Library/Frameworks/ApplicationServices.framework/Versions/A/Frameworks/SpeechSynthesis.framework/Versions/A/SpeechSynthesis
0x0000000027cb6000 	/System/Library/Frameworks/Accelerate.framework/Versions/A/Frameworks/vImage.framework/Versions/A/vImage
0x0000000027cb6000 	/System/Library/Frameworks/Accelerate.framework/Versions/A/Frameworks/vecLib.framework/Versions/A/vecLib
0x0000000027cb6000 	/System/Library/Frameworks/Accelerate.framework/Versions/A/Frameworks/vecLib.framework/Versions/A/libvDSP.dylib
0x0000000027cb6000 	/System/Library/Frameworks/Accelerate.framework/Versions/A/Frameworks/vecLib.framework/Versions/A/libBNNS.dylib
0x0000000027cb6000 	/System/Library/Frameworks/Accelerate.framework/Versions/A/Frameworks/vecLib.framework/Versions/A/libQuadrature.dylib
0x0000000027cb6000 	/System/Library/Frameworks/Accelerate.framework/Versions/A/Frameworks/vecLib.framework/Versions/A/libvMisc.dylib
0x0000000027cb6000 	/System/Library/Frameworks/Accelerate.framework/Versions/A/Frameworks/vecLib.framework/Versions/A/libLAPACK.dylib
0x0000000027cb6000 	/System/Library/Frameworks/Accelerate.framework/Versions/A/Frameworks/vecLib.framework/Versions/A/libBLAS.dylib
0x0000000027cb6000 	/System/Library/Frameworks/Accelerate.framework/Versions/A/Frameworks/vecLib.framework/Versions/A/libLinearAlgebra.dylib
0x0000000027cb6000 	/System/Library/Frameworks/Accelerate.framework/Versions/A/Frameworks/vecLib.framework/Versions/A/libSparseBLAS.dylib
0x0000000027cb6000 	/System/Library/Frameworks/ApplicationServices.framework/Versions/A/Frameworks/ATS.framework/Versions/A/Resources/libFontParser.dylib
0x0000000027cb6000 	/System/Library/Frameworks/ApplicationServices.framework/Versions/A/Frameworks/ATS.framework/Versions/A/Resources/libFontRegistry.dylib
0x0000000027cb6000 	/System/Library/Frameworks/ImageIO.framework/Versions/A/Resources/libJPEG.dylib
0x0000000027cb6000 	/System/Library/Frameworks/ImageIO.framework/Versions/A/Resources/libTIFF.dylib
0x0000000027cb6000 	/System/Library/Frameworks/ImageIO.framework/Versions/A/Resources/libPng.dylib
0x0000000027cb6000 	/System/Library/Frameworks/ImageIO.framework/Versions/A/Resources/libGIF.dylib
0x0000000027cb6000 	/System/Library/Frameworks/ImageIO.framework/Versions/A/Resources/libJP2.dylib
0x0000000027cb6000 	/System/Library/Frameworks/ImageIO.framework/Versions/A/Resources/libRadiance.dylib
0x0000000027cb6000 	/usr/lib/libcompression.dylib
0x0000000027cb6000 	/System/Library/PrivateFrameworks/AppleJPEG.framework/Versions/A/AppleJPEG
0x0000000027cb6000 	/usr/lib/libcups.2.dylib
0x0000000027cb6000 	/System/Library/Frameworks/Kerberos.framework/Versions/A/Kerberos
0x0000000027cb6000 	/System/Library/Frameworks/GSS.framework/Versions/A/GSS
0x0000000027cb6000 	/usr/lib/libresolv.9.dylib
0x0000000027cb6000 	/usr/lib/libiconv.2.dylib
0x0000000027cb6000 	/System/Library/PrivateFrameworks/Heimdal.framework/Versions/A/Heimdal
0x0000000027cb6000 	/usr/lib/libheimdal-asn1.dylib
0x0000000027cb6000 	/System/Library/Frameworks/OpenDirectory.framework/Versions/A/OpenDirectory
0x0000000027cb6000 	/System/Library/PrivateFrameworks/CommonAuth.framework/Versions/A/CommonAuth
0x0000000027cb6000 	/System/Library/Frameworks/OpenDirectory.framework/Versions/A/Frameworks/CFOpenDirectory.framework/Versions/A/CFOpenDirectory
0x0000000027cb6000 	/System/Library/Frameworks/SecurityFoundation.framework/Versions/A/SecurityFoundation
0x0000000027cb6000 	/System/Library/PrivateFrameworks/LanguageModeling.framework/Versions/A/LanguageModeling
0x0000000027cb6000 	/usr/lib/libmarisa.dylib
0x0000000027cb6000 	/usr/lib/libChineseTokenizer.dylib
0x0000000027cb6000 	/usr/lib/libcmph.dylib
0x0000000027cb6000 	/System/Library/PrivateFrameworks/CoreEmoji.framework/Versions/A/CoreEmoji
0x0000000027cb6000 	/System/Library/Frameworks/ServiceManagement.framework/Versions/A/ServiceManagement
0x0000000027cb6000 	/usr/lib/libxslt.1.dylib
0x0000000027cb6000 	/System/Library/Frameworks/Carbon.framework/Versions/A/Frameworks/Ink.framework/Versions/A/Ink
0x0000000027cb6000 	/System/Library/PrivateFrameworks/TextureIO.framework/Versions/A/TextureIO
0x0000000027cb6000 	/System/Library/Frameworks/Metal.framework/Versions/A/Metal
0x0000000027cb6000 	/usr/lib/libate.dylib
0x0000000027cb6000 	/System/Library/PrivateFrameworks/GPUCompiler.framework/libmetal_timestamp.dylib
0x0000000027cb6000 	/System/Library/Frameworks/OpenGL.framework/Versions/A/Libraries/libCoreFSCache.dylib
0x0000000027cb6000 	/System/Library/PrivateFrameworks/IOAccelerator.framework/Versions/A/IOAccelerator
0x0000000027cb6000 	/System/Library/Frameworks/CoreVideo.framework/Versions/A/CoreVideo
0x0000000027cb6000 	/usr/lib/libFosl_dynamic.dylib
0x0000000027cb6000 	/System/Library/PrivateFrameworks/MetalPerformanceShaders.framework/Versions/A/MetalPerformanceShaders
0x0000000027cb6000 	/System/Library/PrivateFrameworks/FaceCore.framework/Versions/A/FaceCore
0x0000000027cb6000 	/System/Library/Frameworks/OpenCL.framework/Versions/A/OpenCL
0x0000000027cb6000 	/System/Library/Frameworks/OpenGL.framework/Versions/A/Libraries/libGLU.dylib
0x0000000027cb6000 	/System/Library/Frameworks/OpenGL.framework/Versions/A/Libraries/libGFXShared.dylib
0x0000000027cb6000 	/System/Library/Frameworks/OpenGL.framework/Versions/A/Libraries/libGL.dylib
0x0000000027cb6000 	/System/Library/Frameworks/OpenGL.framework/Versions/A/Libraries/libGLImage.dylib
0x0000000027cb6000 	/System/Library/Frameworks/OpenGL.framework/Versions/A/Libraries/libCVMSPluginSupport.dylib
0x0000000027cb6000 	/System/Library/Frameworks/OpenGL.framework/Versions/A/Libraries/libCoreVMClient.dylib
0x0000000027cb6000 	/System/Library/PrivateFrameworks/CrashReporterSupport.framework/Versions/A/CrashReporterSupport
0x0000000027cb6000 	/System/Library/PrivateFrameworks/Sharing.framework/Versions/A/Sharing
0x0000000027cb6000 	/System/Library/PrivateFrameworks/IconServices.framework/Versions/A/IconServices
0x0000000027cb6000 	/System/Library/PrivateFrameworks/ProtocolBuffer.framework/Versions/A/ProtocolBuffer
0x0000000027cb6000 	/System/Library/PrivateFrameworks/Apple80211.framework/Versions/A/Apple80211
0x0000000027cb6000 	/System/Library/Frameworks/CoreWLAN.framework/Versions/A/CoreWLAN
0x0000000027cb6000 	/System/Library/PrivateFrameworks/CoreUtils.framework/Versions/A/CoreUtils
0x0000000027cb6000 	/System/Library/Frameworks/IOBluetooth.framework/Versions/A/IOBluetooth
0x0000000027cb6000 	/System/Library/PrivateFrameworks/CoreWiFi.framework/Versions/A/CoreWiFi
0x0000000027cb6000 	/System/Library/Frameworks/CoreBluetooth.framework/Versions/A/CoreBluetooth
0x0000000027cb6000 	/System/Library/Frameworks/CoreDisplay.framework/Versions/A/CoreDisplay
0x0000000027cb6000 	/System/Library/PrivateFrameworks/IOPresentment.framework/Versions/A/IOPresentment
0x0000000027cb6000 	/System/Library/PrivateFrameworks/DSExternalDisplay.framework/Versions/A/DSExternalDisplay
0x0000000027cb6000 	/System/Library/PrivateFrameworks/DebugSymbols.framework/Versions/A/DebugSymbols
0x0000000027cb6000 	/System/Library/PrivateFrameworks/CoreSymbolication.framework/Versions/A/CoreSymbolication
0x0000000027cb6000 	/System/Library/PrivateFrameworks/Symbolication.framework/Versions/A/Symbolication
0x0000000027cb6000 	/System/Library/PrivateFrameworks/AppleFSCompression.framework/Versions/A/AppleFSCompression
0x0000000027cb6000 	/System/Library/PrivateFrameworks/SpeechRecognitionCore.framework/Versions/A/SpeechRecognitionCore
0x0000000027cb6000 	/System/Library/PrivateFrameworks/ChunkingLibrary.framework/Versions/A/ChunkingLibrary
0x0000000100677000 	/Library/Java/JavaVirtualMachines/jdk1.8.0_102.jdk/Contents/Home/jre/lib/server/libjvm.dylib
0x0000000027cb6000 	/usr/lib/libstdc++.6.dylib
0x0000000101618000 	/Library/Java/JavaVirtualMachines/jdk1.8.0_102.jdk/Contents/Home/jre/lib/libverify.dylib
0x0000000101626000 	/Library/Java/JavaVirtualMachines/jdk1.8.0_102.jdk/Contents/Home/jre/lib/libjava.dylib
0x0000000101665000 	/Library/Java/JavaVirtualMachines/jdk1.8.0_102.jdk/Contents/Home/jre/lib/libzip.dylib
0x00000001037ad000 	/System/Library/Frameworks/JavaVM.framework/Frameworks/JavaRuntimeSupport.framework/JavaRuntimeSupport
0x00000001037c7000 	/System/Library/Frameworks/JavaVM.framework/Versions/A/Frameworks/JavaNativeFoundation.framework/Versions/A/JavaNativeFoundation
0x00000001037dc000 	/System/Library/Frameworks/JavaVM.framework/Versions/A/JavaVM
0x0000000027cb6000 	/System/Library/Frameworks/Carbon.framework/Versions/A/Carbon
0x00000001037e9000 	/System/Library/PrivateFrameworks/JavaLaunching.framework/Versions/A/JavaLaunching
0x0000000027cb6000 	/System/Library/Frameworks/Carbon.framework/Versions/A/Frameworks/CommonPanels.framework/Versions/A/CommonPanels
0x0000000027cb6000 	/System/Library/Frameworks/Carbon.framework/Versions/A/Frameworks/Help.framework/Versions/A/Help
0x0000000027cb6000 	/System/Library/Frameworks/Carbon.framework/Versions/A/Frameworks/ImageCapture.framework/Versions/A/ImageCapture
0x0000000027cb6000 	/System/Library/Frameworks/Carbon.framework/Versions/A/Frameworks/OpenScripting.framework/Versions/A/OpenScripting
0x0000000027cb6000 	/System/Library/Frameworks/Carbon.framework/Versions/A/Frameworks/Print.framework/Versions/A/Print
0x0000000027cb6000 	/System/Library/Frameworks/Carbon.framework/Versions/A/Frameworks/SecurityHI.framework/Versions/A/SecurityHI
0x000000011e143000 	/Library/Java/JavaVirtualMachines/jdk1.8.0_102.jdk/Contents/Home/jre/lib/libawt.dylib
0x000000011e1eb000 	/Library/Java/JavaVirtualMachines/jdk1.8.0_102.jdk/Contents/Home/jre/lib/./libmlib_image.dylib
0x000000011e2b7000 	/Library/Java/JavaVirtualMachines/jdk1.8.0_102.jdk/Contents/Home/jre/lib/libawt_lwawt.dylib
0x000000011e36c000 	/Library/Java/JavaVirtualMachines/jdk1.8.0_102.jdk/Contents/Home/jre/lib/./libosxapp.dylib
0x0000000027cb6000 	/System/Library/Frameworks/ExceptionHandling.framework/Versions/A/ExceptionHandling
0x0000000027cb6000 	/System/Library/PrivateFrameworks/CoreServicesInternal.framework/Versions/A/CoreServicesInternal
0x0000000027cb6000 	/System/Library/CoreServices/RawCamera.bundle/Contents/MacOS/RawCamera
0x0000000027cb6000 	/System/Library/Frameworks/Accelerate.framework/Versions/A/Frameworks/vImage.framework/Versions/A/Libraries/libCGInterfaces.dylib
0x0000000027cb6000 	/System/Library/Frameworks/ApplicationServices.framework/Versions/A/Frameworks/ATS.framework/Versions/A/Resources/libTrueTypeScaler.dylib
0x0000000027cb6000 	/System/Library/Frameworks/OpenGL.framework/Versions/A/Resources/GLEngine.bundle/GLEngine
0x0000000027cb6000 	/System/Library/Frameworks/OpenGL.framework/Versions/A/Libraries/libGLProgrammability.dylib
0x000000011f9bd000 	/System/Library/Extensions/AppleIntelHD3000GraphicsGLDriver.bundle/Contents/MacOS/AppleIntelHD3000GraphicsGLDriver
0x0000000027cb6000 	/System/Library/PrivateFrameworks/GPUSupport.framework/Versions/A/Libraries/libGPUSupport.dylib
0x0000000027cb6000 	/System/Library/Frameworks/OpenGL.framework/Versions/A/Resources/GLRendererFloat.bundle/GLRendererFloat
0x0000000027cb6000 	/System/Library/Frameworks/OpenCL.framework/Versions/A/Libraries/libcldcpuengine.dylib
0x0000000027cb6000 	/usr/lib/libcrypto.0.9.8.dylib
0x0000000027cb6000 	/System/Library/PrivateFrameworks/TrustEvaluationAgent.framework/Versions/A/TrustEvaluationAgent
0x0000000027cb6000 	/System/Library/PrivateFrameworks/FamilyControls.framework/Versions/A/FamilyControls
0x0000000027cb6000 	/System/Library/PrivateFrameworks/CommerceKit.framework/Versions/A/Frameworks/CommerceCore.framework/Versions/A/CommerceCore
0x0000000027cb6000 	/System/Library/PrivateFrameworks/SystemAdministration.framework/Versions/A/SystemAdministration
0x0000000027cb6000 	/System/Library/PrivateFrameworks/AppContainer.framework/Versions/A/AppContainer
0x0000000027cb6000 	/System/Library/PrivateFrameworks/SecCodeWrapper.framework/Versions/A/SecCodeWrapper
0x0000000027cb6000 	/System/Library/Frameworks/DirectoryService.framework/Versions/A/DirectoryService
0x0000000027cb6000 	/System/Library/PrivateFrameworks/DiskImages.framework/Versions/A/DiskImages
0x0000000027cb6000 	/System/Library/PrivateFrameworks/LoginUIKit.framework/Versions/A/Frameworks/LoginUICore.framework/Versions/A/LoginUICore
0x0000000027cb6000 	/usr/lib/libCoreStorage.dylib
0x0000000027cb6000 	/usr/lib/libcsfde.dylib
0x0000000027cb6000 	/usr/lib/libodfde.dylib
0x0000000027cb6000 	/System/Library/Frameworks/DiscRecording.framework/Versions/A/DiscRecording
0x0000000027cb6000 	/usr/lib/libcurl.4.dylib
0x0000000027cb6000 	/System/Library/PrivateFrameworks/MediaKit.framework/Versions/A/MediaKit
0x0000000027cb6000 	/System/Library/PrivateFrameworks/ProtectedCloudStorage.framework/Versions/A/ProtectedCloudStorage
0x0000000027cb6000 	/System/Library/PrivateFrameworks/EFILogin.framework/Versions/A/EFILogin
0x0000000027cb6000 	/usr/lib/libutil.dylib
0x0000000027cb6000 	/System/Library/Frameworks/LDAP.framework/Versions/A/LDAP
0x0000000027cb6000 	/usr/lib/libsasl2.2.dylib
0x0000000027cb6000 	/System/Library/PrivateFrameworks/CoreDaemon.framework/Versions/B/CoreDaemon
0x0000000027cb6000 	/System/Library/PrivateFrameworks/AppleSRP.framework/Versions/A/AppleSRP
0x0000000027cb6000 	/System/Library/PrivateFrameworks/APFS.framework/Versions/A/APFS
0x0000000027cb6000 	/System/Library/PrivateFrameworks/ViewBridge.framework/Versions/A/ViewBridge
0x0000000027cb6000 	/System/Library/PrivateFrameworks/XPCService.framework/Versions/A/XPCService
0x0000000027cb6000 	/System/Library/PrivateFrameworks/AppSandbox.framework/Versions/A/AppSandbox
0x0000000027cb6000 	/usr/lib/libsandbox.1.dylib
0x0000000027cb6000 	/usr/lib/libMatch.1.dylib

VM Arguments:
jvm_args: -Dfile.encoding=UTF-8 
java_command: EFBB
java_class_path (initial): /Volumes/HD/workspace/EFBB/build/classes:/Volumes/HD/Toncat/apache-tomcat-7.0.79/lib/annotations-api.jar:/Volumes/HD/Toncat/apache-tomcat-7.0.79/lib/catalina-ant.jar:/Volumes/HD/Toncat/apache-tomcat-7.0.79/lib/catalina-ha.jar:/Volumes/HD/Toncat/apache-tomcat-7.0.79/lib/catalina-tribes.jar:/Volumes/HD/Toncat/apache-tomcat-7.0.79/lib/catalina.jar:/Volumes/HD/Toncat/apache-tomcat-7.0.79/lib/ecj-4.4.2.jar:/Volumes/HD/Toncat/apache-tomcat-7.0.79/lib/el-api.jar:/Volumes/HD/Toncat/apache-tomcat-7.0.79/lib/jasper-el.jar:/Volumes/HD/Toncat/apache-tomcat-7.0.79/lib/jasper.jar:/Volumes/HD/Toncat/apache-tomcat-7.0.79/lib/jsp-api.jar:/Volumes/HD/Toncat/apache-tomcat-7.0.79/lib/servlet-api.jar:/Volumes/HD/Toncat/apache-tomcat-7.0.79/lib/tomcat-api.jar:/Volumes/HD/Toncat/apache-tomcat-7.0.79/lib/tomcat-coyote.jar:/Volumes/HD/Toncat/apache-tomcat-7.0.79/lib/tomcat-dbcp.jar:/Volumes/HD/Toncat/apache-tomcat-7.0.79/lib/tomcat-i18n-es.jar:/Volumes/HD/Toncat/apache-tomcat-7.0.79/lib/tomcat-i18n-fr.jar:/Volumes/HD/Toncat/apache-tomcat-7.0.79/lib/tomcat-i18n-ja.jar:/Volumes/HD/Toncat/apache-tomcat-7.0.79/lib/tomcat-jdbc.jar:/Volumes/HD/Toncat/apache-tomcat-7.0.79/lib/tomcat-util.jar:/Volumes/HD/Toncat/apache-tomcat-7.0.79/lib/tomcat7-websocket.jar:/Volumes/HD/Toncat/apache-tomcat-7.0.79/lib/websocket-api.jar:/Volumes/HD/workspace/EFBB/WebContent/WEB-INF/lib/commons-codec-1.10.jar:/Volumes/HD/workspace/EFBB/WebContent/WEB-INF/lib/commons-collections4-4.1.jar:/Volumes/HD/workspace/EFBB/WebContent/WEB-INF/lib/commons-fileupload-1.3.2.jar:/Volumes/HD/workspace/EFBB/WebContent/WEB-INF/lib/commons-io-2.5.jar:/Volumes/HD/workspace/EFBB/WebContent/WEB-INF/lib/commons-logging-1.2.jar:/Volumes/HD/workspace/EFBB/WebContent/WEB-INF/lib/curvesapi-1.04.jar:/Volumes/HD/workspace/EFBB/WebContent/WEB-INF/lib/dom4j-2.0.0-ALPHA-2.jar:/Volumes/HD/workspace/EFBB/WebContent/WEB-INF/lib/javax.faces-2.1.10.jar:/Volumes/HD/workspace/EFBB/WebContent/WEB-INF/lib/jsf-api-2.1.1-b04.jar:/V
Launcher Type: SUN_STANDARD

Environment Variables:
PATH=/usr/bin:/bin:/usr/sbin:/sbin
SHELL=/bin/zsh

Signal Handlers:
SIGSEGV: [libjvm.dylib+0x5b0579], sa_mask[0]=11111111011111110111111111111111, sa_flags=SA_ONSTACK|SA_RESTART|SA_SIGINFO
SIGBUS: [libjvm.dylib+0x5b0579], sa_mask[0]=11111111011111110111111111111111, sa_flags=SA_RESTART|SA_SIGINFO
SIGFPE: [libjvm.dylib+0x4874e4], sa_mask[0]=11111111011111110111111111111111, sa_flags=SA_RESTART|SA_SIGINFO
SIGPIPE: [libjvm.dylib+0x4874e4], sa_mask[0]=11111111011111110111111111111111, sa_flags=SA_RESTART|SA_SIGINFO
SIGXFSZ: [libjvm.dylib+0x4874e4], sa_mask[0]=11111111011111110111111111111111, sa_flags=SA_RESTART|SA_SIGINFO
SIGILL: [libjvm.dylib+0x4874e4], sa_mask[0]=11111111011111110111111111111111, sa_flags=SA_RESTART|SA_SIGINFO
SIGUSR1: SIG_DFL, sa_mask[0]=00000000000000000000000000000000, sa_flags=none
SIGUSR2: [libjvm.dylib+0x487002], sa_mask[0]=00100000000000000000000000000000, sa_flags=SA_RESTART|SA_SIGINFO
SIGHUP: [libjvm.dylib+0x4855d9], sa_mask[0]=11111111011111110111111111111111, sa_flags=SA_RESTART|SA_SIGINFO
SIGINT: [libjvm.dylib+0x4855d9], sa_mask[0]=11111111011111110111111111111111, sa_flags=SA_RESTART|SA_SIGINFO
SIGTERM: [libjvm.dylib+0x4855d9], sa_mask[0]=11111111011111110111111111111111, sa_flags=SA_RESTART|SA_SIGINFO
SIGQUIT: [libjvm.dylib+0x4855d9], sa_mask[0]=11111111011111110111111111111111, sa_flags=SA_RESTART|SA_SIGINFO


---------------  S Y S T E M  ---------------

OS:Bsduname:Darwin 16.7.0 Darwin Kernel Version 16.7.0: Thu Jun 15 17:36:27 PDT 2017; root:xnu-3789.70.16~2/RELEASE_X86_64 x86_64
rlimit: STACK 8192k, CORE 0k, NPROC 709, NOFILE 10240, AS infinity
load average:2.00 1.76 1.77

CPU:total 4 (2 cores per cpu, 2 threads per core) family 6 model 42 stepping 7, cmov, cx8, fxsr, mmx, sse, sse2, sse3, ssse3, sse4.1, sse4.2, popcnt, avx, aes, clmul, ht, tsc, tscinvbit

Memory: 4k page, physical 16777216k(2265052k free)

/proc/meminfo:


vm_info: Java HotSpot(TM) 64-Bit Server VM (25.102-b14) for bsd-amd64 JRE (1.8.0_102-b14), built on Jun 22 2016 11:42:36 by "java_re" with gcc 4.2.1 (Based on Apple Inc. build 5658) (LLVM build 2336.11.00)

time: Wed Sep 20 11:18:17 2017
elapsed time: 2 seconds (0d 0h 0m 2s)

