#
# A fatal error has been detected by the Java Runtime Environment:
#
#  SIGBUS (0xa) at pc=0x0000000101104e92, pid=1487, tid=0x0000000000001b03
#
# JRE version: Java(TM) SE Runtime Environment (8.0_102-b14) (build 1.8.0_102-b14)
# Java VM: Java HotSpot(TM) 64-Bit Server VM (25.102-b14 mixed mode bsd-amd64 compressed oops)
# Problematic frame:
# C  [libzip.dylib+0x2e92]  newEntry+0x154
#
# Failed to write core dump. Core dumps have been disabled. To enable core dumping, try "ulimit -c unlimited" before starting Java again
#
# If you would like to submit a bug report, please visit:
#   http://bugreport.java.com/bugreport/crash.jsp
# The crash happened outside the Java Virtual Machine in native code.
# See problematic frame for where to report the bug.
#

---------------  T H R E A D  ---------------

Current thread (0x00007fb3f7002800):  JavaThread "main" [_thread_in_native, id=6915, stack(0x00007000052ec000,0x00007000053ec000)]

siginfo: si_signo: 10 (SIGBUS), si_code: 2 (BUS_ADRERR), si_addr: 0x000000010613ad29

Registers:
RAX=0x00007fb3f5df68f0, RBX=0x000000010613ad1d, RCX=0x0000000000000001, RDX=0x0000000000000600
RSP=0x00007000053eae00, RBP=0x00007000053eae60, RSI=0x0000000010000000, RDI=0x000000000000066b
R8 =0x0000000000000048, R9 =0x00007fb3f5c66b70, R10=0x00000000f0000000, R11=0x00006ff898bfeb46
R12=0x00007fb3f5c412e0, R13=0x0000000000000090, R14=0x000000004eecb6d3, R15=0x00007fb3f5c54670
RIP=0x0000000101104e92, EFLAGS=0x0000000000010206, ERR=0x0000000000000004
  TRAPNO=0x000000000000000e

Top of Stack: (sp=0x00007000053eae00)
0x00007000053eae00:   00007000053eae20 0000000001bf2e32
0x00007000053eae10:   00000007c018d600 00000001011ac4f0
0x00007000053eae20:   00007000053eae40 00007fb3f5df68f0
0x00007000053eae30:   00007fb3f5c66b70 00007fb3f5df68f0
0x00007000053eae40:   00007fb3f5c412e0 0000000000000090
0x00007000053eae50:   000000004eecb6d3 00007fb3f5c54670
0x00007000053eae60:   00007000053eaec0 000000010110552d
0x00007000053eae70:   00007000053eaeef 00007000053eaeee
0x00007000053eae80:   0000000f00000000 0000001000002800
0x00007000053eae90:   00007000053eaede 00007000053eb328
0x00007000053eaea0:   0000000000000010 00007000053eaede
0x00007000053eaeb0:   00007fb3f5df68f0 00007fb3f70029f8
0x00007000053eaec0:   00007000053eb310 0000000101104238
0x00007000053eaed0:   00000000ffffffff 6f64000000000000
0x00007000053eaee0:   612f73706f725063 00006c6d782e7070
0x00007000053eaef0:   00000001048f42f8 00007fb3f7002800
0x00007000053eaf00:   00000001048f42f8 00000000ffffffff
0x00007000053eaf10:   00007000053eaf50 0000000101bab643
0x00007000053eaf20:   00000001048f42f8 00007fb3f7002800
0x00007000053eaf30:   00000001048f42f8 00000000ffffffff
0x00007000053eaf40:   00000001048f42f8 00000001048f42f8
0x00007000053eaf50:   00007000053eaf90 0000000101babc96
0x00007000053eaf60:   00000001048f42f8 00007fb3f7002800
0x00007000053eaf70:   0000000000000000 00000001048f42f8
0x00007000053eaf80:   0000000000000001 00007000053eb058
0x00007000053eaf90:   00007000053eb020 0000000101dcb930
0x00007000053eafa0:   00000007c00c5028 00000001048f42f8
0x00007000053eafb0:   00007fb3f7002800 0000000101dca57d
0x00007000053eafc0:   0000003000000001 00007fb3f7002800
0x00007000053eafd0:   3400310006000000 00000001048f42f8
0x00007000053eafe0:   00007000053eb000 00000001048f42f8
0x00007000053eaff0:   00000001048f42f8 00000001048f42f8 

Instructions: (pc=0x0000000101104e92)
0x0000000101104e72:   49 8b 7f 38 e8 5b 1b 00 00 4d 89 77 38 49 89 5f
0x0000000101104e82:   40 4c 89 f0 48 85 c0 0f 84 11 05 00 00 48 89 c3
0x0000000101104e92:   0f b6 43 0c 0f b6 4b 0d 48 c1 e1 08 48 01 c1 0f
0x0000000101104ea2:   b6 43 0e 0f b6 53 0f 48 c1 e2 08 48 01 c2 48 c1 

Register to memory mapping:

RAX=0x00007fb3f5df68f0 is an unknown value
RBX=0x000000010613ad1d is an unknown value
RCX=0x0000000000000001 is an unknown value
RDX=0x0000000000000600 is an unknown value
RSP=0x00007000053eae00 is pointing into the stack for thread: 0x00007fb3f7002800
RBP=0x00007000053eae60 is pointing into the stack for thread: 0x00007fb3f7002800
RSI=0x0000000010000000 is an unknown value
RDI=0x000000000000066b is an unknown value
R8 =0x0000000000000048 is an unknown value
R9 =0x00007fb3f5c66b70 is an unknown value
R10=0x00000000f0000000 is an unknown value
R11=0x00006ff898bfeb46 is an unknown value
R12=0x00007fb3f5c412e0 is an unknown value
R13=0x0000000000000090 is an unknown value
R14=0x000000004eecb6d3 is an unknown value
R15=0x00007fb3f5c54670 is an unknown value


Stack: [0x00007000052ec000,0x00007000053ec000],  sp=0x00007000053eae00,  free space=1019k
Native frames: (J=compiled Java code, j=interpreted, Vv=VM code, C=native code)
C  [libzip.dylib+0x2e92]  newEntry+0x154
C  [libzip.dylib+0x352d]  ZIP_GetEntry2+0xd4
C  [libzip.dylib+0x2238]  Java_java_util_zip_ZipFile_getEntry+0xcf
J 94  java.util.zip.ZipFile.getEntry(J[BZ)J (0 bytes) @ 0x00000001075c2ace [0x00000001075c2a00+0xce]
J 454 C1 java.util.zip.ZipFile.getInputStream(Ljava/util/zip/ZipEntry;)Ljava/io/InputStream; (304 bytes) @ 0x00000001076af9cc [0x00000001076af640+0x38c]
j  org.apache.poi.openxml4j.util.ZipSecureFile.getInputStream(Ljava/util/zip/ZipEntry;)Ljava/io/InputStream;+2
j  org.apache.poi.openxml4j.util.ZipFileZipEntrySource.getInputStream(Ljava/util/zip/ZipEntry;)Ljava/io/InputStream;+22
j  org.apache.poi.openxml4j.opc.ZipPackagePart.getInputStreamImpl()Ljava/io/InputStream;+14
j  org.apache.poi.openxml4j.opc.PackagePart.getInputStream()Ljava/io/InputStream;+1
j  org.apache.poi.POIXMLProperties.<init>(Lorg/apache/poi/openxml4j/opc/OPCPackage;)V+69
j  org.apache.poi.POIXMLDocument.getProperties()Lorg/apache/poi/POIXMLProperties;+16
j  org.apache.poi.POIXMLDocument.write(Ljava/io/OutputStream;)V+39
j  EFBB.lerExcel(Ljava/lang/String;)Ljava/lang/String;+733
j  EFBB.visualizarArquivos()V+103
j  EFBB.main([Ljava/lang/String;)V+0
v  ~StubRoutines::call_stub
V  [libjvm.dylib+0x2ed5e2]  JavaCalls::call_helper(JavaValue*, methodHandle*, JavaCallArguments*, Thread*)+0x6ae
V  [libjvm.dylib+0x3243da]  jni_invoke_static(JNIEnv_*, JavaValue*, _jobject*, JNICallType, _jmethodID*, JNI_ArgumentPusher*, Thread*)+0x1bf
V  [libjvm.dylib+0x31d151]  jni_CallStaticVoidMethod+0x15d
C  [java+0x3931]  JavaMain+0x9c4
C  [libsystem_pthread.dylib+0x393b]  _pthread_body+0xb4
C  [libsystem_pthread.dylib+0x3887]  _pthread_body+0x0
C  [libsystem_pthread.dylib+0x308d]  thread_start+0xd
C  0x0000000000000000

Java frames: (J=compiled Java code, j=interpreted, Vv=VM code)
J 94  java.util.zip.ZipFile.getEntry(J[BZ)J (0 bytes) @ 0x00000001075c2a58 [0x00000001075c2a00+0x58]
J 454 C1 java.util.zip.ZipFile.getInputStream(Ljava/util/zip/ZipEntry;)Ljava/io/InputStream; (304 bytes) @ 0x00000001076af9cc [0x00000001076af640+0x38c]
j  org.apache.poi.openxml4j.util.ZipSecureFile.getInputStream(Ljava/util/zip/ZipEntry;)Ljava/io/InputStream;+2
j  org.apache.poi.openxml4j.util.ZipFileZipEntrySource.getInputStream(Ljava/util/zip/ZipEntry;)Ljava/io/InputStream;+22
j  org.apache.poi.openxml4j.opc.ZipPackagePart.getInputStreamImpl()Ljava/io/InputStream;+14
j  org.apache.poi.openxml4j.opc.PackagePart.getInputStream()Ljava/io/InputStream;+1
j  org.apache.poi.POIXMLProperties.<init>(Lorg/apache/poi/openxml4j/opc/OPCPackage;)V+69
j  org.apache.poi.POIXMLDocument.getProperties()Lorg/apache/poi/POIXMLProperties;+16
j  org.apache.poi.POIXMLDocument.write(Ljava/io/OutputStream;)V+39
j  EFBB.lerExcel(Ljava/lang/String;)Ljava/lang/String;+733
j  EFBB.visualizarArquivos()V+103
j  EFBB.main([Ljava/lang/String;)V+0
v  ~StubRoutines::call_stub

---------------  P R O C E S S  ---------------

Java Threads: ( => current thread )
  0x00007fb3f62c9800 JavaThread "AWT-Shutdown" [_thread_blocked, id=30223, stack(0x000070000621c000,0x000070000631c000)]
  0x00007fb3f61ce000 JavaThread "AWT-AppKit" daemon [_thread_in_native, id=775, stack(0x00007fff5e3c8000,0x00007fff5ebc8000)]
  0x00007fb3f7828000 JavaThread "Service Thread" daemon [_thread_blocked, id=18435, stack(0x0000700005f93000,0x0000700006093000)]
  0x00007fb3f6039000 JavaThread "C1 CompilerThread2" daemon [_thread_blocked, id=17923, stack(0x0000700005e90000,0x0000700005f90000)]
  0x00007fb3f6018000 JavaThread "C2 CompilerThread1" daemon [_thread_blocked, id=17411, stack(0x0000700005d8d000,0x0000700005e8d000)]
  0x00007fb3f6037800 JavaThread "C2 CompilerThread0" daemon [_thread_blocked, id=16899, stack(0x0000700005c8a000,0x0000700005d8a000)]
  0x00007fb3f6034800 JavaThread "Signal Dispatcher" daemon [_thread_blocked, id=16387, stack(0x0000700005b87000,0x0000700005c87000)]
  0x00007fb3f7062800 JavaThread "Finalizer" daemon [_thread_blocked, id=12291, stack(0x0000700005a01000,0x0000700005b01000)]
  0x00007fb3f7060000 JavaThread "Reference Handler" daemon [_thread_blocked, id=11779, stack(0x00007000058fe000,0x00007000059fe000)]
=>0x00007fb3f7002800 JavaThread "main" [_thread_in_native, id=6915, stack(0x00007000052ec000,0x00007000053ec000)]

Other Threads:
  0x00007fb3f705b800 VMThread [stack: 0x00007000057fb000,0x00007000058fb000] [id=11267]
  0x00007fb3f6803000 WatcherThread [stack: 0x0000700006096000,0x0000700006196000] [id=18947]

VM state:not at safepoint (normal execution)

VM Mutex/Monitor currently owned by a thread: None

Heap:
 PSYoungGen      total 76288K, used 41215K [0x000000076ab00000, 0x0000000774000000, 0x00000007c0000000)
  eden space 65536K, 46% used [0x000000076ab00000,0x000000076c8c2578,0x000000076eb00000)
  from space 10752K, 99% used [0x000000076eb00000,0x000000076f57d708,0x000000076f580000)
  to   space 10752K, 0% used [0x0000000773580000,0x0000000773580000,0x0000000774000000)
 ParOldGen       total 175104K, used 3540K [0x00000006c0000000, 0x00000006cab00000, 0x000000076ab00000)
  object space 175104K, 2% used [0x00000006c0000000,0x00000006c0375068,0x00000006cab00000)
 Metaspace       used 13858K, capacity 14000K, committed 14208K, reserved 1062912K
  class space    used 1563K, capacity 1630K, committed 1664K, reserved 1048576K

Card table byte_map: [0x0000000102d61000,0x0000000103562000] byte_map_base: 0x00000000ff761000

Marking Bits: (ParMarkBitMap*) 0x00000001022efd20
 Begin Bits: [0x0000000116491000, 0x000000011a491000)
 End Bits:   [0x000000011a491000, 0x000000011e491000)

Polling page: 0x00000001010f8000

CodeCache: size=245760Kb used=5885Kb max_used=5898Kb free=239874Kb
 bounds [0x0000000107491000, 0x0000000107a61000, 0x0000000116491000]
 total_blobs=1998 nmethods=1630 adapters=281
 compilation: enabled

Compilation events (10 events):
Event: 2.416 Thread 0x00007fb3f6037800 nmethod 1609 0x0000000107a4edd0 code [0x0000000107a4ef80, 0x0000000107a4f650]
Event: 2.425 Thread 0x00007fb3f6039000 nmethod 1629 0x0000000107a4fc90 code [0x0000000107a50120, 0x0000000107a52be8]
Event: 2.425 Thread 0x00007fb3f6039000 1631       3       java.util.jar.Attributes$Name::equals (39 bytes)
Event: 2.426 Thread 0x00007fb3f6039000 nmethod 1631 0x0000000107a44ad0 code [0x0000000107a44c60, 0x0000000107a45108]
Event: 2.426 Thread 0x00007fb3f6039000 1630       3       java.util.HashMap::<init> (98 bytes)
Event: 2.428 Thread 0x00007fb3f6039000 nmethod 1630 0x0000000107a56750 code [0x0000000107a56a00, 0x0000000107a57d18]
Event: 2.428 Thread 0x00007fb3f6039000 1628       3       org.apache.xmlbeans.impl.schema.BuiltinSchemaTypeSystem::resolveHandle (14 bytes)
Event: 2.428 Thread 0x00007fb3f6039000 nmethod 1628 0x0000000107a4d350 code [0x0000000107a4d4c0, 0x0000000107a4d7e8]
Event: 2.428 Thread 0x00007fb3f6018000 nmethod 1620 0x0000000107a4bad0 code [0x0000000107a4bcc0, 0x0000000107a4c698]
Event: 2.429 Thread 0x00007fb3f6037800 1632       4       java.lang.CharacterDataLatin1::getType (11 bytes)

GC Heap History (2 events):
Event: 1.637 GC heap before
{Heap before GC invocations=1 (full 0):
 PSYoungGen      total 76288K, used 65536K [0x000000076ab00000, 0x0000000770000000, 0x00000007c0000000)
  eden space 65536K, 100% used [0x000000076ab00000,0x000000076eb00000,0x000000076eb00000)
  from space 10752K, 0% used [0x000000076f580000,0x000000076f580000,0x0000000770000000)
  to   space 10752K, 0% used [0x000000076eb00000,0x000000076eb00000,0x000000076f580000)
 ParOldGen       total 175104K, used 0K [0x00000006c0000000, 0x00000006cab00000, 0x000000076ab00000)
  object space 175104K, 0% used [0x00000006c0000000,0x00000006c0000000,0x00000006cab00000)
 Metaspace       used 9596K, capacity 9748K, committed 9856K, reserved 1058816K
  class space    used 1008K, capacity 1076K, committed 1152K, reserved 1048576K
Event: 1.656 GC heap after
Heap after GC invocations=1 (full 0):
 PSYoungGen      total 76288K, used 10741K [0x000000076ab00000, 0x0000000774000000, 0x00000007c0000000)
  eden space 65536K, 0% used [0x000000076ab00000,0x000000076ab00000,0x000000076eb00000)
  from space 10752K, 99% used [0x000000076eb00000,0x000000076f57d708,0x000000076f580000)
  to   space 10752K, 0% used [0x0000000773580000,0x0000000773580000,0x0000000774000000)
 ParOldGen       total 175104K, used 3540K [0x00000006c0000000, 0x00000006cab00000, 0x000000076ab00000)
  object space 175104K, 2% used [0x00000006c0000000,0x00000006c0375068,0x00000006cab00000)
 Metaspace       used 9596K, capacity 9748K, committed 9856K, reserved 1058816K
  class space    used 1008K, capacity 1076K, committed 1152K, reserved 1048576K
}

Deoptimization events (10 events):
Event: 1.677 Thread 0x00007fb3f7002800 Uncommon trap: reason=unstable_if action=reinterpret pc=0x00000001077a3ec0 method=java.lang.ref.SoftReference.get()Ljava/lang/Object; @ 17
Event: 1.677 Thread 0x00007fb3f7002800 Uncommon trap: reason=unstable_if action=reinterpret pc=0x00000001077a747c method=java.lang.StringCoding.decode(Ljava/lang/String;[BII)[C @ 51
Event: 1.795 Thread 0x00007fb3f7002800 Uncommon trap: reason=unstable_if action=reinterpret pc=0x00000001076277cc method=java.lang.String.indexOf([CII[CIII)I @ 3
Event: 1.866 Thread 0x00007fb3f7002800 Uncommon trap: reason=unstable_if action=reinterpret pc=0x0000000107884124 method=org.apache.xmlbeans.impl.schema.SchemaTypeSystemImpl$StringPool.stringForCode(I)Ljava/lang/String; @ 1
Event: 1.973 Thread 0x00007fb3f7002800 Uncommon trap: reason=bimorphic action=maybe_recompile pc=0x00000001078cd004 method=java.lang.ThreadLocal.get()Ljava/lang/Object; @ 6
Event: 1.979 Thread 0x00007fb3f7002800 Uncommon trap: reason=bimorphic action=maybe_recompile pc=0x00000001078cd004 method=java.lang.ThreadLocal.get()Ljava/lang/Object; @ 6
Event: 1.979 Thread 0x00007fb3f7002800 Uncommon trap: reason=bimorphic action=maybe_recompile pc=0x00000001078cd004 method=java.lang.ThreadLocal.get()Ljava/lang/Object; @ 6
Event: 1.979 Thread 0x00007fb3f7002800 Uncommon trap: reason=bimorphic action=maybe_recompile pc=0x00000001078cd004 method=java.lang.ThreadLocal.get()Ljava/lang/Object; @ 6
Event: 2.114 Thread 0x00007fb3f7002800 Uncommon trap: reason=unstable_if action=reinterpret pc=0x00000001078c0f94 method=com.sun.org.apache.xerces.internal.impl.XMLEntityScanner.checkBeforeLoad(Lcom/sun/xml/internal/stream/Entity$ScannedEntity;II)I @ 18
Event: 2.387 Thread 0x00007fb3f7002800 Uncommon trap: reason=unstable_if action=reinterpret pc=0x0000000107a30ffc method=org.apache.xmlbeans.impl.store.Saver$TextSaver.preEmit(I)Z @ 205

Internal exceptions (10 events):
Event: 1.774 Thread 0x00007fb3f7002800 Exception <a 'java/security/PrivilegedActionException'> (0x000000076b32dfd8) thrown at [/Users/java_re/workspace/8-2-build-macosx-x86_64/jdk8u102/7268/hotspot/src/share/vm/prims/jvm.cpp, line 1386]
Event: 1.774 Thread 0x00007fb3f7002800 Exception <a 'java/security/PrivilegedActionException'> (0x000000076b32e3d0) thrown at [/Users/java_re/workspace/8-2-build-macosx-x86_64/jdk8u102/7268/hotspot/src/share/vm/prims/jvm.cpp, line 1386]
Event: 1.775 Thread 0x00007fb3f7002800 Exception <a 'java/security/PrivilegedActionException'> (0x000000076b344d90) thrown at [/Users/java_re/workspace/8-2-build-macosx-x86_64/jdk8u102/7268/hotspot/src/share/vm/prims/jvm.cpp, line 1386]
Event: 1.776 Thread 0x00007fb3f7002800 Exception <a 'java/security/PrivilegedActionException'> (0x000000076b345188) thrown at [/Users/java_re/workspace/8-2-build-macosx-x86_64/jdk8u102/7268/hotspot/src/share/vm/prims/jvm.cpp, line 1386]
Event: 1.776 Thread 0x00007fb3f7002800 Exception <a 'java/security/PrivilegedActionException'> (0x000000076b34d1d8) thrown at [/Users/java_re/workspace/8-2-build-macosx-x86_64/jdk8u102/7268/hotspot/src/share/vm/prims/jvm.cpp, line 1386]
Event: 1.776 Thread 0x00007fb3f7002800 Exception <a 'java/security/PrivilegedActionException'> (0x000000076b34d5d0) thrown at [/Users/java_re/workspace/8-2-build-macosx-x86_64/jdk8u102/7268/hotspot/src/share/vm/prims/jvm.cpp, line 1386]
Event: 1.776 Thread 0x00007fb3f7002800 Exception <a 'java/security/PrivilegedActionException'> (0x000000076b355760) thrown at [/Users/java_re/workspace/8-2-build-macosx-x86_64/jdk8u102/7268/hotspot/src/share/vm/prims/jvm.cpp, line 1386]
Event: 1.776 Thread 0x00007fb3f7002800 Exception <a 'java/security/PrivilegedActionException'> (0x000000076b355b58) thrown at [/Users/java_re/workspace/8-2-build-macosx-x86_64/jdk8u102/7268/hotspot/src/share/vm/prims/jvm.cpp, line 1386]
Event: 1.776 Thread 0x00007fb3f7002800 Exception <a 'java/security/PrivilegedActionException'> (0x000000076b35df98) thrown at [/Users/java_re/workspace/8-2-build-macosx-x86_64/jdk8u102/7268/hotspot/src/share/vm/prims/jvm.cpp, line 1386]
Event: 1.776 Thread 0x00007fb3f7002800 Exception <a 'java/security/PrivilegedActionException'> (0x000000076b35e390) thrown at [/Users/java_re/workspace/8-2-build-macosx-x86_64/jdk8u102/7268/hotspot/src/share/vm/prims/jvm.cpp, line 1386]

Events (10 events):
Event: 2.423 loading class org/openxmlformats/schemas/officeDocument/x2006/customProperties/PropertiesDocument
Event: 2.423 loading class org/openxmlformats/schemas/officeDocument/x2006/customProperties/PropertiesDocument done
Event: 2.424 loading class org/openxmlformats/schemas/officeDocument/x2006/customProperties/impl/PropertiesDocumentImpl
Event: 2.424 loading class org/openxmlformats/schemas/officeDocument/x2006/customProperties/impl/PropertiesDocumentImpl done
Event: 2.426 loading class org/openxmlformats/schemas/officeDocument/x2006/customProperties/impl/CTPropertiesImpl
Event: 2.426 loading class org/openxmlformats/schemas/officeDocument/x2006/customProperties/impl/CTPropertiesImpl done
Event: 2.427 loading class org/openxmlformats/schemas/officeDocument/x2006/customProperties/CTProperties
Event: 2.427 loading class org/openxmlformats/schemas/officeDocument/x2006/customProperties/CTProperties done
Event: 2.428 loading class org/apache/poi/POIXMLProperties$CoreProperties
Event: 2.428 loading class org/apache/poi/POIXMLProperties$CoreProperties done


Dynamic libraries:
0x0000000059190000 	/System/Library/Frameworks/Cocoa.framework/Versions/A/Cocoa
0x0000000059190000 	/System/Library/Frameworks/Security.framework/Versions/A/Security
0x0000000059190000 	/System/Library/Frameworks/ApplicationServices.framework/Versions/A/ApplicationServices
0x0000000059190000 	/usr/lib/libz.1.dylib
0x0000000059190000 	/usr/lib/libSystem.B.dylib
0x0000000059190000 	/usr/lib/libobjc.A.dylib
0x0000000059190000 	/System/Library/Frameworks/CoreFoundation.framework/Versions/A/CoreFoundation
0x0000000059190000 	/System/Library/Frameworks/Foundation.framework/Versions/C/Foundation
0x0000000059190000 	/System/Library/Frameworks/AppKit.framework/Versions/C/AppKit
0x0000000059190000 	/System/Library/Frameworks/CoreData.framework/Versions/A/CoreData
0x0000000059190000 	/System/Library/PrivateFrameworks/RemoteViewServices.framework/Versions/A/RemoteViewServices
0x0000000059190000 	/System/Library/PrivateFrameworks/UIFoundation.framework/Versions/A/UIFoundation
0x0000000059190000 	/System/Library/PrivateFrameworks/DFRFoundation.framework/Versions/A/DFRFoundation
0x0000000059190000 	/usr/lib/libenergytrace.dylib
0x0000000059190000 	/System/Library/PrivateFrameworks/SkyLight.framework/Versions/A/SkyLight
0x0000000059190000 	/System/Library/Frameworks/CoreGraphics.framework/Versions/A/CoreGraphics
0x0000000059190000 	/usr/lib/libScreenReader.dylib
0x0000000059190000 	/System/Library/Frameworks/Accelerate.framework/Versions/A/Accelerate
0x0000000059190000 	/System/Library/Frameworks/IOSurface.framework/Versions/A/IOSurface
0x0000000059190000 	/System/Library/Frameworks/AudioToolbox.framework/Versions/A/AudioToolbox
0x0000000059190000 	/System/Library/Frameworks/AudioUnit.framework/Versions/A/AudioUnit
0x0000000059190000 	/System/Library/PrivateFrameworks/DataDetectorsCore.framework/Versions/A/DataDetectorsCore
0x0000000059190000 	/System/Library/PrivateFrameworks/DesktopServicesPriv.framework/Versions/A/DesktopServicesPriv
0x0000000059190000 	/System/Library/Frameworks/Carbon.framework/Versions/A/Frameworks/HIToolbox.framework/Versions/A/HIToolbox
0x0000000059190000 	/usr/lib/libicucore.A.dylib
0x0000000059190000 	/System/Library/Frameworks/QuartzCore.framework/Versions/A/QuartzCore
0x0000000059190000 	/System/Library/Frameworks/Carbon.framework/Versions/A/Frameworks/SpeechRecognition.framework/Versions/A/SpeechRecognition
0x0000000059190000 	/usr/lib/libauto.dylib
0x0000000059190000 	/usr/lib/libxml2.2.dylib
0x0000000059190000 	/System/Library/PrivateFrameworks/CoreUI.framework/Versions/A/CoreUI
0x0000000059190000 	/System/Library/Frameworks/CoreAudio.framework/Versions/A/CoreAudio
0x0000000059190000 	/System/Library/Frameworks/DiskArbitration.framework/Versions/A/DiskArbitration
0x0000000059190000 	/usr/lib/liblangid.dylib
0x0000000059190000 	/System/Library/PrivateFrameworks/MultitouchSupport.framework/Versions/A/MultitouchSupport
0x0000000059190000 	/System/Library/Frameworks/IOKit.framework/Versions/A/IOKit
0x0000000059190000 	/usr/lib/libDiagnosticMessagesClient.dylib
0x0000000059190000 	/System/Library/Frameworks/CoreServices.framework/Versions/A/CoreServices
0x0000000059190000 	/System/Library/PrivateFrameworks/PerformanceAnalysis.framework/Versions/A/PerformanceAnalysis
0x0000000059190000 	/System/Library/PrivateFrameworks/GenerationalStorage.framework/Versions/A/GenerationalStorage
0x0000000059190000 	/System/Library/Frameworks/OpenGL.framework/Versions/A/OpenGL
0x0000000059190000 	/System/Library/Frameworks/CoreImage.framework/Versions/A/CoreImage
0x0000000059190000 	/System/Library/Frameworks/CoreText.framework/Versions/A/CoreText
0x0000000059190000 	/System/Library/Frameworks/ImageIO.framework/Versions/A/ImageIO
0x0000000059190000 	/System/Library/PrivateFrameworks/Backup.framework/Versions/A/Backup
0x0000000059190000 	/usr/lib/libarchive.2.dylib
0x0000000059190000 	/System/Library/Frameworks/CFNetwork.framework/Versions/A/CFNetwork
0x0000000059190000 	/System/Library/Frameworks/SystemConfiguration.framework/Versions/A/SystemConfiguration
0x0000000059190000 	/usr/lib/libCRFSuite.dylib
0x0000000059190000 	/usr/lib/libc++.1.dylib
0x0000000059190000 	/usr/lib/libc++abi.dylib
0x0000000059190000 	/usr/lib/system/libcache.dylib
0x0000000059190000 	/usr/lib/system/libcommonCrypto.dylib
0x0000000059190000 	/usr/lib/system/libcompiler_rt.dylib
0x0000000059190000 	/usr/lib/system/libcopyfile.dylib
0x0000000059190000 	/usr/lib/system/libcorecrypto.dylib
0x0000000059190000 	/usr/lib/system/libdispatch.dylib
0x0000000059190000 	/usr/lib/system/libdyld.dylib
0x0000000059190000 	/usr/lib/system/libkeymgr.dylib
0x0000000059190000 	/usr/lib/system/liblaunch.dylib
0x0000000059190000 	/usr/lib/system/libmacho.dylib
0x0000000059190000 	/usr/lib/system/libquarantine.dylib
0x0000000059190000 	/usr/lib/system/libremovefile.dylib
0x0000000059190000 	/usr/lib/system/libsystem_asl.dylib
0x0000000059190000 	/usr/lib/system/libsystem_blocks.dylib
0x0000000059190000 	/usr/lib/system/libsystem_c.dylib
0x0000000059190000 	/usr/lib/system/libsystem_configuration.dylib
0x0000000059190000 	/usr/lib/system/libsystem_coreservices.dylib
0x0000000059190000 	/usr/lib/system/libsystem_coretls.dylib
0x0000000059190000 	/usr/lib/system/libsystem_dnssd.dylib
0x0000000059190000 	/usr/lib/system/libsystem_info.dylib
0x0000000059190000 	/usr/lib/system/libsystem_kernel.dylib
0x0000000059190000 	/usr/lib/system/libsystem_m.dylib
0x0000000059190000 	/usr/lib/system/libsystem_malloc.dylib
0x0000000059190000 	/usr/lib/system/libsystem_network.dylib
0x0000000059190000 	/usr/lib/system/libsystem_networkextension.dylib
0x0000000059190000 	/usr/lib/system/libsystem_notify.dylib
0x0000000059190000 	/usr/lib/system/libsystem_platform.dylib
0x0000000059190000 	/usr/lib/system/libsystem_pthread.dylib
0x0000000059190000 	/usr/lib/system/libsystem_sandbox.dylib
0x0000000059190000 	/usr/lib/system/libsystem_secinit.dylib
0x0000000059190000 	/usr/lib/system/libsystem_symptoms.dylib
0x0000000059190000 	/usr/lib/system/libsystem_trace.dylib
0x0000000059190000 	/usr/lib/system/libunwind.dylib
0x0000000059190000 	/usr/lib/system/libxpc.dylib
0x0000000059190000 	/usr/lib/libbsm.0.dylib
0x0000000059190000 	/usr/lib/system/libkxld.dylib
0x0000000059190000 	/usr/lib/libcoretls.dylib
0x0000000059190000 	/usr/lib/libcoretls_cfhelpers.dylib
0x0000000059190000 	/usr/lib/libOpenScriptingUtil.dylib
0x0000000059190000 	/usr/lib/libpam.2.dylib
0x0000000059190000 	/usr/lib/libsqlite3.dylib
0x0000000059190000 	/usr/lib/libxar.1.dylib
0x0000000059190000 	/usr/lib/libbz2.1.0.dylib
0x0000000059190000 	/usr/lib/liblzma.5.dylib
0x0000000059190000 	/usr/lib/libnetwork.dylib
0x0000000059190000 	/usr/lib/libpcap.A.dylib
0x0000000059190000 	/System/Library/Frameworks/CoreServices.framework/Versions/A/Frameworks/FSEvents.framework/Versions/A/FSEvents
0x0000000059190000 	/System/Library/Frameworks/CoreServices.framework/Versions/A/Frameworks/CarbonCore.framework/Versions/A/CarbonCore
0x0000000059190000 	/System/Library/Frameworks/CoreServices.framework/Versions/A/Frameworks/Metadata.framework/Versions/A/Metadata
0x0000000059190000 	/System/Library/Frameworks/CoreServices.framework/Versions/A/Frameworks/OSServices.framework/Versions/A/OSServices
0x0000000059190000 	/System/Library/Frameworks/CoreServices.framework/Versions/A/Frameworks/SearchKit.framework/Versions/A/SearchKit
0x0000000059190000 	/System/Library/Frameworks/CoreServices.framework/Versions/A/Frameworks/AE.framework/Versions/A/AE
0x0000000059190000 	/System/Library/Frameworks/CoreServices.framework/Versions/A/Frameworks/LaunchServices.framework/Versions/A/LaunchServices
0x0000000059190000 	/System/Library/Frameworks/CoreServices.framework/Versions/A/Frameworks/DictionaryServices.framework/Versions/A/DictionaryServices
0x0000000059190000 	/System/Library/Frameworks/CoreServices.framework/Versions/A/Frameworks/SharedFileList.framework/Versions/A/SharedFileList
0x0000000059190000 	/System/Library/Frameworks/NetFS.framework/Versions/A/NetFS
0x0000000059190000 	/System/Library/PrivateFrameworks/NetAuth.framework/Versions/A/NetAuth
0x0000000059190000 	/System/Library/PrivateFrameworks/login.framework/Versions/A/Frameworks/loginsupport.framework/Versions/A/loginsupport
0x0000000059190000 	/System/Library/PrivateFrameworks/TCC.framework/Versions/A/TCC
0x0000000059190000 	/usr/lib/libmecabra.dylib
0x0000000059190000 	/System/Library/Frameworks/ApplicationServices.framework/Versions/A/Frameworks/ATS.framework/Versions/A/ATS
0x0000000059190000 	/System/Library/Frameworks/ApplicationServices.framework/Versions/A/Frameworks/ColorSync.framework/Versions/A/ColorSync
0x0000000059190000 	/System/Library/Frameworks/ApplicationServices.framework/Versions/A/Frameworks/HIServices.framework/Versions/A/HIServices
0x0000000059190000 	/System/Library/Frameworks/ApplicationServices.framework/Versions/A/Frameworks/LangAnalysis.framework/Versions/A/LangAnalysis
0x0000000059190000 	/System/Library/Frameworks/ApplicationServices.framework/Versions/A/Frameworks/PrintCore.framework/Versions/A/PrintCore
0x0000000059190000 	/System/Library/Frameworks/ApplicationServices.framework/Versions/A/Frameworks/QD.framework/Versions/A/QD
0x0000000059190000 	/System/Library/Frameworks/ApplicationServices.framework/Versions/A/Frameworks/SpeechSynthesis.framework/Versions/A/SpeechSynthesis
0x0000000059190000 	/System/Library/Frameworks/Accelerate.framework/Versions/A/Frameworks/vImage.framework/Versions/A/vImage
0x0000000059190000 	/System/Library/Frameworks/Accelerate.framework/Versions/A/Frameworks/vecLib.framework/Versions/A/vecLib
0x0000000059190000 	/System/Library/Frameworks/Accelerate.framework/Versions/A/Frameworks/vecLib.framework/Versions/A/libvDSP.dylib
0x0000000059190000 	/System/Library/Frameworks/Accelerate.framework/Versions/A/Frameworks/vecLib.framework/Versions/A/libBNNS.dylib
0x0000000059190000 	/System/Library/Frameworks/Accelerate.framework/Versions/A/Frameworks/vecLib.framework/Versions/A/libQuadrature.dylib
0x0000000059190000 	/System/Library/Frameworks/Accelerate.framework/Versions/A/Frameworks/vecLib.framework/Versions/A/libvMisc.dylib
0x0000000059190000 	/System/Library/Frameworks/Accelerate.framework/Versions/A/Frameworks/vecLib.framework/Versions/A/libLAPACK.dylib
0x0000000059190000 	/System/Library/Frameworks/Accelerate.framework/Versions/A/Frameworks/vecLib.framework/Versions/A/libBLAS.dylib
0x0000000059190000 	/System/Library/Frameworks/Accelerate.framework/Versions/A/Frameworks/vecLib.framework/Versions/A/libLinearAlgebra.dylib
0x0000000059190000 	/System/Library/Frameworks/Accelerate.framework/Versions/A/Frameworks/vecLib.framework/Versions/A/libSparseBLAS.dylib
0x0000000059190000 	/System/Library/Frameworks/ApplicationServices.framework/Versions/A/Frameworks/ATS.framework/Versions/A/Resources/libFontParser.dylib
0x0000000059190000 	/System/Library/Frameworks/ApplicationServices.framework/Versions/A/Frameworks/ATS.framework/Versions/A/Resources/libFontRegistry.dylib
0x0000000059190000 	/System/Library/Frameworks/ImageIO.framework/Versions/A/Resources/libJPEG.dylib
0x0000000059190000 	/System/Library/Frameworks/ImageIO.framework/Versions/A/Resources/libTIFF.dylib
0x0000000059190000 	/System/Library/Frameworks/ImageIO.framework/Versions/A/Resources/libPng.dylib
0x0000000059190000 	/System/Library/Frameworks/ImageIO.framework/Versions/A/Resources/libGIF.dylib
0x0000000059190000 	/System/Library/Frameworks/ImageIO.framework/Versions/A/Resources/libJP2.dylib
0x0000000059190000 	/System/Library/Frameworks/ImageIO.framework/Versions/A/Resources/libRadiance.dylib
0x0000000059190000 	/usr/lib/libcompression.dylib
0x0000000059190000 	/System/Library/PrivateFrameworks/AppleJPEG.framework/Versions/A/AppleJPEG
0x0000000059190000 	/usr/lib/libcups.2.dylib
0x0000000059190000 	/System/Library/Frameworks/Kerberos.framework/Versions/A/Kerberos
0x0000000059190000 	/System/Library/Frameworks/GSS.framework/Versions/A/GSS
0x0000000059190000 	/usr/lib/libresolv.9.dylib
0x0000000059190000 	/usr/lib/libiconv.2.dylib
0x0000000059190000 	/System/Library/PrivateFrameworks/Heimdal.framework/Versions/A/Heimdal
0x0000000059190000 	/usr/lib/libheimdal-asn1.dylib
0x0000000059190000 	/System/Library/Frameworks/OpenDirectory.framework/Versions/A/OpenDirectory
0x0000000059190000 	/System/Library/PrivateFrameworks/CommonAuth.framework/Versions/A/CommonAuth
0x0000000059190000 	/System/Library/Frameworks/OpenDirectory.framework/Versions/A/Frameworks/CFOpenDirectory.framework/Versions/A/CFOpenDirectory
0x0000000059190000 	/System/Library/Frameworks/SecurityFoundation.framework/Versions/A/SecurityFoundation
0x0000000059190000 	/System/Library/PrivateFrameworks/LanguageModeling.framework/Versions/A/LanguageModeling
0x0000000059190000 	/usr/lib/libmarisa.dylib
0x0000000059190000 	/usr/lib/libChineseTokenizer.dylib
0x0000000059190000 	/usr/lib/libcmph.dylib
0x0000000059190000 	/System/Library/PrivateFrameworks/CoreEmoji.framework/Versions/A/CoreEmoji
0x0000000059190000 	/System/Library/Frameworks/ServiceManagement.framework/Versions/A/ServiceManagement
0x0000000059190000 	/usr/lib/libxslt.1.dylib
0x0000000059190000 	/System/Library/Frameworks/Carbon.framework/Versions/A/Frameworks/Ink.framework/Versions/A/Ink
0x0000000059190000 	/System/Library/PrivateFrameworks/TextureIO.framework/Versions/A/TextureIO
0x0000000059190000 	/System/Library/Frameworks/Metal.framework/Versions/A/Metal
0x0000000059190000 	/usr/lib/libate.dylib
0x0000000059190000 	/System/Library/PrivateFrameworks/GPUCompiler.framework/libmetal_timestamp.dylib
0x0000000059190000 	/System/Library/Frameworks/OpenGL.framework/Versions/A/Libraries/libCoreFSCache.dylib
0x0000000059190000 	/System/Library/PrivateFrameworks/IOAccelerator.framework/Versions/A/IOAccelerator
0x0000000059190000 	/System/Library/Frameworks/CoreVideo.framework/Versions/A/CoreVideo
0x0000000059190000 	/usr/lib/libFosl_dynamic.dylib
0x0000000059190000 	/System/Library/PrivateFrameworks/MetalPerformanceShaders.framework/Versions/A/MetalPerformanceShaders
0x0000000059190000 	/System/Library/PrivateFrameworks/FaceCore.framework/Versions/A/FaceCore
0x0000000059190000 	/System/Library/Frameworks/OpenCL.framework/Versions/A/OpenCL
0x0000000059190000 	/System/Library/Frameworks/OpenGL.framework/Versions/A/Libraries/libGLU.dylib
0x0000000059190000 	/System/Library/Frameworks/OpenGL.framework/Versions/A/Libraries/libGFXShared.dylib
0x0000000059190000 	/System/Library/Frameworks/OpenGL.framework/Versions/A/Libraries/libGL.dylib
0x0000000059190000 	/System/Library/Frameworks/OpenGL.framework/Versions/A/Libraries/libGLImage.dylib
0x0000000059190000 	/System/Library/Frameworks/OpenGL.framework/Versions/A/Libraries/libCVMSPluginSupport.dylib
0x0000000059190000 	/System/Library/Frameworks/OpenGL.framework/Versions/A/Libraries/libCoreVMClient.dylib
0x0000000059190000 	/System/Library/PrivateFrameworks/CrashReporterSupport.framework/Versions/A/CrashReporterSupport
0x0000000059190000 	/System/Library/PrivateFrameworks/Sharing.framework/Versions/A/Sharing
0x0000000059190000 	/System/Library/PrivateFrameworks/IconServices.framework/Versions/A/IconServices
0x0000000059190000 	/System/Library/PrivateFrameworks/ProtocolBuffer.framework/Versions/A/ProtocolBuffer
0x0000000059190000 	/System/Library/PrivateFrameworks/Apple80211.framework/Versions/A/Apple80211
0x0000000059190000 	/System/Library/Frameworks/CoreWLAN.framework/Versions/A/CoreWLAN
0x0000000059190000 	/System/Library/PrivateFrameworks/CoreUtils.framework/Versions/A/CoreUtils
0x0000000059190000 	/System/Library/Frameworks/IOBluetooth.framework/Versions/A/IOBluetooth
0x0000000059190000 	/System/Library/PrivateFrameworks/CoreWiFi.framework/Versions/A/CoreWiFi
0x0000000059190000 	/System/Library/Frameworks/CoreBluetooth.framework/Versions/A/CoreBluetooth
0x0000000059190000 	/System/Library/Frameworks/CoreDisplay.framework/Versions/A/CoreDisplay
0x0000000059190000 	/System/Library/PrivateFrameworks/IOPresentment.framework/Versions/A/IOPresentment
0x0000000059190000 	/System/Library/PrivateFrameworks/DSExternalDisplay.framework/Versions/A/DSExternalDisplay
0x0000000059190000 	/System/Library/PrivateFrameworks/DebugSymbols.framework/Versions/A/DebugSymbols
0x0000000059190000 	/System/Library/PrivateFrameworks/CoreSymbolication.framework/Versions/A/CoreSymbolication
0x0000000059190000 	/System/Library/PrivateFrameworks/Symbolication.framework/Versions/A/Symbolication
0x0000000059190000 	/System/Library/PrivateFrameworks/AppleFSCompression.framework/Versions/A/AppleFSCompression
0x0000000059190000 	/System/Library/PrivateFrameworks/SpeechRecognitionCore.framework/Versions/A/SpeechRecognitionCore
0x0000000059190000 	/System/Library/PrivateFrameworks/ChunkingLibrary.framework/Versions/A/ChunkingLibrary
0x0000000101a00000 	/Library/Java/JavaVirtualMachines/jdk1.8.0_102.jdk/Contents/Home/jre/lib/server/libjvm.dylib
0x0000000059190000 	/usr/lib/libstdc++.6.dylib
0x00000001010b5000 	/Library/Java/JavaVirtualMachines/jdk1.8.0_102.jdk/Contents/Home/jre/lib/libverify.dylib
0x00000001010c3000 	/Library/Java/JavaVirtualMachines/jdk1.8.0_102.jdk/Contents/Home/jre/lib/libjava.dylib
0x0000000101102000 	/Library/Java/JavaVirtualMachines/jdk1.8.0_102.jdk/Contents/Home/jre/lib/libzip.dylib
0x0000000105ce4000 	/System/Library/Frameworks/JavaVM.framework/Frameworks/JavaRuntimeSupport.framework/JavaRuntimeSupport
0x0000000105cfe000 	/System/Library/Frameworks/JavaVM.framework/Versions/A/Frameworks/JavaNativeFoundation.framework/Versions/A/JavaNativeFoundation
0x0000000105d13000 	/System/Library/Frameworks/JavaVM.framework/Versions/A/JavaVM
0x0000000059190000 	/System/Library/Frameworks/Carbon.framework/Versions/A/Carbon
0x0000000105d20000 	/System/Library/PrivateFrameworks/JavaLaunching.framework/Versions/A/JavaLaunching
0x0000000059190000 	/System/Library/Frameworks/Carbon.framework/Versions/A/Frameworks/CommonPanels.framework/Versions/A/CommonPanels
0x0000000059190000 	/System/Library/Frameworks/Carbon.framework/Versions/A/Frameworks/Help.framework/Versions/A/Help
0x0000000059190000 	/System/Library/Frameworks/Carbon.framework/Versions/A/Frameworks/ImageCapture.framework/Versions/A/ImageCapture
0x0000000059190000 	/System/Library/Frameworks/Carbon.framework/Versions/A/Frameworks/OpenScripting.framework/Versions/A/OpenScripting
0x0000000059190000 	/System/Library/Frameworks/Carbon.framework/Versions/A/Frameworks/Print.framework/Versions/A/Print
0x0000000059190000 	/System/Library/Frameworks/Carbon.framework/Versions/A/Frameworks/SecurityHI.framework/Versions/A/SecurityHI
0x00000001062bc000 	/Library/Java/JavaVirtualMachines/jdk1.8.0_102.jdk/Contents/Home/jre/lib/libawt.dylib
0x0000000106364000 	/Library/Java/JavaVirtualMachines/jdk1.8.0_102.jdk/Contents/Home/jre/lib/./libmlib_image.dylib
0x0000000106430000 	/Library/Java/JavaVirtualMachines/jdk1.8.0_102.jdk/Contents/Home/jre/lib/libawt_lwawt.dylib
0x00000001064e5000 	/Library/Java/JavaVirtualMachines/jdk1.8.0_102.jdk/Contents/Home/jre/lib/./libosxapp.dylib
0x0000000059190000 	/System/Library/Frameworks/ExceptionHandling.framework/Versions/A/ExceptionHandling
0x0000000059190000 	/System/Library/PrivateFrameworks/CoreServicesInternal.framework/Versions/A/CoreServicesInternal
0x0000000059190000 	/System/Library/CoreServices/RawCamera.bundle/Contents/MacOS/RawCamera
0x0000000059190000 	/System/Library/Frameworks/Accelerate.framework/Versions/A/Frameworks/vImage.framework/Versions/A/Libraries/libCGInterfaces.dylib
0x0000000059190000 	/System/Library/Frameworks/ApplicationServices.framework/Versions/A/Frameworks/ATS.framework/Versions/A/Resources/libTrueTypeScaler.dylib
0x0000000059190000 	/System/Library/Frameworks/OpenGL.framework/Versions/A/Resources/GLEngine.bundle/GLEngine
0x0000000059190000 	/System/Library/Frameworks/OpenGL.framework/Versions/A/Libraries/libGLProgrammability.dylib
0x0000000120483000 	/System/Library/Extensions/AppleIntelHD3000GraphicsGLDriver.bundle/Contents/MacOS/AppleIntelHD3000GraphicsGLDriver
0x0000000059190000 	/System/Library/PrivateFrameworks/GPUSupport.framework/Versions/A/Libraries/libGPUSupport.dylib
0x0000000059190000 	/System/Library/Frameworks/OpenGL.framework/Versions/A/Resources/GLRendererFloat.bundle/GLRendererFloat
0x0000000059190000 	/System/Library/Frameworks/OpenCL.framework/Versions/A/Libraries/libcldcpuengine.dylib
0x0000000059190000 	/usr/lib/libcrypto.0.9.8.dylib
0x0000000059190000 	/System/Library/PrivateFrameworks/TrustEvaluationAgent.framework/Versions/A/TrustEvaluationAgent
0x0000000059190000 	/System/Library/PrivateFrameworks/FamilyControls.framework/Versions/A/FamilyControls
0x0000000059190000 	/System/Library/PrivateFrameworks/CommerceKit.framework/Versions/A/Frameworks/CommerceCore.framework/Versions/A/CommerceCore
0x0000000059190000 	/System/Library/PrivateFrameworks/SystemAdministration.framework/Versions/A/SystemAdministration
0x0000000059190000 	/System/Library/PrivateFrameworks/AppContainer.framework/Versions/A/AppContainer
0x0000000059190000 	/System/Library/PrivateFrameworks/SecCodeWrapper.framework/Versions/A/SecCodeWrapper
0x0000000059190000 	/System/Library/Frameworks/DirectoryService.framework/Versions/A/DirectoryService
0x0000000059190000 	/System/Library/PrivateFrameworks/DiskImages.framework/Versions/A/DiskImages
0x0000000059190000 	/System/Library/PrivateFrameworks/LoginUIKit.framework/Versions/A/Frameworks/LoginUICore.framework/Versions/A/LoginUICore
0x0000000059190000 	/usr/lib/libCoreStorage.dylib
0x0000000059190000 	/usr/lib/libcsfde.dylib
0x0000000059190000 	/usr/lib/libodfde.dylib
0x0000000059190000 	/System/Library/Frameworks/DiscRecording.framework/Versions/A/DiscRecording
0x0000000059190000 	/usr/lib/libcurl.4.dylib
0x0000000059190000 	/System/Library/PrivateFrameworks/MediaKit.framework/Versions/A/MediaKit
0x0000000059190000 	/System/Library/PrivateFrameworks/ProtectedCloudStorage.framework/Versions/A/ProtectedCloudStorage
0x0000000059190000 	/System/Library/PrivateFrameworks/EFILogin.framework/Versions/A/EFILogin
0x0000000059190000 	/usr/lib/libutil.dylib
0x0000000059190000 	/System/Library/Frameworks/LDAP.framework/Versions/A/LDAP
0x0000000059190000 	/usr/lib/libsasl2.2.dylib
0x0000000059190000 	/System/Library/PrivateFrameworks/CoreDaemon.framework/Versions/B/CoreDaemon
0x0000000059190000 	/System/Library/PrivateFrameworks/AppleSRP.framework/Versions/A/AppleSRP
0x0000000059190000 	/System/Library/PrivateFrameworks/APFS.framework/Versions/A/APFS
0x0000000059190000 	/System/Library/PrivateFrameworks/ViewBridge.framework/Versions/A/ViewBridge
0x0000000059190000 	/System/Library/PrivateFrameworks/XPCService.framework/Versions/A/XPCService
0x0000000059190000 	/System/Library/PrivateFrameworks/AppSandbox.framework/Versions/A/AppSandbox
0x0000000059190000 	/usr/lib/libsandbox.1.dylib
0x0000000059190000 	/usr/lib/libMatch.1.dylib

VM Arguments:
jvm_args: -Dfile.encoding=UTF-8 
java_command: EFBB
java_class_path (initial): /Volumes/HD/workspace/EFBB/build/classes:/Volumes/HD/Toncat/apache-tomcat-7.0.79/lib/annotations-api.jar:/Volumes/HD/Toncat/apache-tomcat-7.0.79/lib/catalina-ant.jar:/Volumes/HD/Toncat/apache-tomcat-7.0.79/lib/catalina-ha.jar:/Volumes/HD/Toncat/apache-tomcat-7.0.79/lib/catalina-tribes.jar:/Volumes/HD/Toncat/apache-tomcat-7.0.79/lib/catalina.jar:/Volumes/HD/Toncat/apache-tomcat-7.0.79/lib/ecj-4.4.2.jar:/Volumes/HD/Toncat/apache-tomcat-7.0.79/lib/el-api.jar:/Volumes/HD/Toncat/apache-tomcat-7.0.79/lib/jasper-el.jar:/Volumes/HD/Toncat/apache-tomcat-7.0.79/lib/jasper.jar:/Volumes/HD/Toncat/apache-tomcat-7.0.79/lib/jsp-api.jar:/Volumes/HD/Toncat/apache-tomcat-7.0.79/lib/servlet-api.jar:/Volumes/HD/Toncat/apache-tomcat-7.0.79/lib/tomcat-api.jar:/Volumes/HD/Toncat/apache-tomcat-7.0.79/lib/tomcat-coyote.jar:/Volumes/HD/Toncat/apache-tomcat-7.0.79/lib/tomcat-dbcp.jar:/Volumes/HD/Toncat/apache-tomcat-7.0.79/lib/tomcat-i18n-es.jar:/Volumes/HD/Toncat/apache-tomcat-7.0.79/lib/tomcat-i18n-fr.jar:/Volumes/HD/Toncat/apache-tomcat-7.0.79/lib/tomcat-i18n-ja.jar:/Volumes/HD/Toncat/apache-tomcat-7.0.79/lib/tomcat-jdbc.jar:/Volumes/HD/Toncat/apache-tomcat-7.0.79/lib/tomcat-util.jar:/Volumes/HD/Toncat/apache-tomcat-7.0.79/lib/tomcat7-websocket.jar:/Volumes/HD/Toncat/apache-tomcat-7.0.79/lib/websocket-api.jar:/Volumes/HD/workspace/EFBB/WebContent/WEB-INF/lib/commons-codec-1.10.jar:/Volumes/HD/workspace/EFBB/WebContent/WEB-INF/lib/commons-collections4-4.1.jar:/Volumes/HD/workspace/EFBB/WebContent/WEB-INF/lib/commons-fileupload-1.3.2.jar:/Volumes/HD/workspace/EFBB/WebContent/WEB-INF/lib/commons-io-2.5.jar:/Volumes/HD/workspace/EFBB/WebContent/WEB-INF/lib/commons-logging-1.2.jar:/Volumes/HD/workspace/EFBB/WebContent/WEB-INF/lib/curvesapi-1.04.jar:/Volumes/HD/workspace/EFBB/WebContent/WEB-INF/lib/dom4j-2.0.0-ALPHA-2.jar:/Volumes/HD/workspace/EFBB/WebContent/WEB-INF/lib/javax.faces-2.1.10.jar:/Volumes/HD/workspace/EFBB/WebContent/WEB-INF/lib/jsf-api-2.1.1-b04.jar:/V
Launcher Type: SUN_STANDARD

Environment Variables:
PATH=/usr/bin:/bin:/usr/sbin:/sbin
SHELL=/bin/zsh

Signal Handlers:
SIGSEGV: [libjvm.dylib+0x5b0579], sa_mask[0]=11111111011111110111111111111111, sa_flags=SA_ONSTACK|SA_RESTART|SA_SIGINFO
SIGBUS: [libjvm.dylib+0x5b0579], sa_mask[0]=11111111011111110111111111111111, sa_flags=SA_RESTART|SA_SIGINFO
SIGFPE: [libjvm.dylib+0x4874e4], sa_mask[0]=11111111011111110111111111111111, sa_flags=SA_RESTART|SA_SIGINFO
SIGPIPE: [libjvm.dylib+0x4874e4], sa_mask[0]=11111111011111110111111111111111, sa_flags=SA_RESTART|SA_SIGINFO
SIGXFSZ: [libjvm.dylib+0x4874e4], sa_mask[0]=11111111011111110111111111111111, sa_flags=SA_RESTART|SA_SIGINFO
SIGILL: [libjvm.dylib+0x4874e4], sa_mask[0]=11111111011111110111111111111111, sa_flags=SA_RESTART|SA_SIGINFO
SIGUSR1: SIG_DFL, sa_mask[0]=00000000000000000000000000000000, sa_flags=none
SIGUSR2: [libjvm.dylib+0x487002], sa_mask[0]=00100000000000000000000000000000, sa_flags=SA_RESTART|SA_SIGINFO
SIGHUP: [libjvm.dylib+0x4855d9], sa_mask[0]=11111111011111110111111111111111, sa_flags=SA_RESTART|SA_SIGINFO
SIGINT: [libjvm.dylib+0x4855d9], sa_mask[0]=11111111011111110111111111111111, sa_flags=SA_RESTART|SA_SIGINFO
SIGTERM: [libjvm.dylib+0x4855d9], sa_mask[0]=11111111011111110111111111111111, sa_flags=SA_RESTART|SA_SIGINFO
SIGQUIT: [libjvm.dylib+0x4855d9], sa_mask[0]=11111111011111110111111111111111, sa_flags=SA_RESTART|SA_SIGINFO


---------------  S Y S T E M  ---------------

OS:Bsduname:Darwin 16.7.0 Darwin Kernel Version 16.7.0: Thu Jun 15 17:36:27 PDT 2017; root:xnu-3789.70.16~2/RELEASE_X86_64 x86_64
rlimit: STACK 8192k, CORE 0k, NPROC 709, NOFILE 10240, AS infinity
load average:1.34 1.50 1.52

CPU:total 4 (2 cores per cpu, 2 threads per core) family 6 model 42 stepping 7, cmov, cx8, fxsr, mmx, sse, sse2, sse3, ssse3, sse4.1, sse4.2, popcnt, avx, aes, clmul, ht, tsc, tscinvbit

Memory: 4k page, physical 16777216k(777012k free)

/proc/meminfo:


vm_info: Java HotSpot(TM) 64-Bit Server VM (25.102-b14) for bsd-amd64 JRE (1.8.0_102-b14), built on Jun 22 2016 11:42:36 by "java_re" with gcc 4.2.1 (Based on Apple Inc. build 5658) (LLVM build 2336.11.00)

time: Thu Sep 21 14:50:48 2017
elapsed time: 2 seconds (0d 0h 0m 2s)

